#
# A fatal error has been detected by the Java Runtime Environment:
#
#  SIGBUS (0xa) at pc=0x0000000108c80772, pid=70167, tid=0x0000000000004d03
#
# JRE version: Java(TM) SE Runtime Environment (8.0_181-b13) (build 1.8.0_181-b13)
# Java VM: Java HotSpot(TM) 64-Bit Server VM (25.181-b13 mixed mode bsd-amd64 compressed oops)
# Problematic frame:
# C  [libj2pkcs11.dylib+0x2772]  jDateObjectPtrToCKDatePtr+0x45
#
# Failed to write core dump. Core dumps have been disabled. To enable core dumping, try "ulimit -c unlimited" before starting Java again
#
# If you would like to submit a bug report, please visit:
#   http://bugreport.java.com/bugreport/crash.jsp
# The crash happened outside the Java Virtual Machine in native code.
# See problematic frame for where to report the bug.
#

---------------  T H R E A D  ---------------

Current thread (0x00007fccd96c5000):  JavaThread "nia.chapter2.echoclient.EchoClient.main()" [_thread_in_native, id=19715, stack(0x000070000cf1f000,0x000070000d01f000)]

siginfo: si_signo: 10 (SIGBUS), si_code: 2 (BUS_ADRERR), si_addr: 0x0000000108c806fd

Registers:
RAX=0x0000000108c80770, RBX=0x000000012161e0f0, RCX=0x000000010362a5e0, RDX=0x0000000000000008
RSP=0x000070000d01d628, RBP=0x000070000d01d670, RSI=0x000070000d01d680, RDI=0x00007fccd96c51f8
R8 =0x00007fccd96c5000, R9 =0x00007fccd96c5000, R10=0x000000010a07863b, R11=0x00000001032e8867
R12=0x0000000000000000, R13=0x000000012161e0f0, R14=0x000070000d01d688, R15=0x00007fccd96c5000
RIP=0x0000000108c80772, EFLAGS=0x0000000000010216, ERR=0x0000000000000007
  TRAPNO=0x000000000000000e

Top of Stack: (sp=0x000070000d01d628)
0x000070000d01d628:   000000010a078667 000070000d01d630
0x000070000d01d638:   000000012161e0f0 000070000d01d688
0x000070000d01d648:   000000012504d868 0000000000000000
0x000070000d01d658:   000000012161e0f0 0000000000000000
0x000070000d01d668:   000070000d01d690 000070000d01d6d0
0x000070000d01d678:   000000010a067d00 00000006c1b40088
0x000070000d01d688:   000000010a071d16 000070000d01d690
0x000070000d01d698:   0000000121ac6960 000070000d01d6d8
0x000070000d01d6a8:   00000001232daa60 0000000000000000
0x000070000d01d6b8:   0000000121ac6980 000070000d01d690
0x000070000d01d6c8:   000070000d01d6e0 000070000d01d740
0x000070000d01d6d8:   000000010a0607a7 0000000100001fa0
0x000070000d01d6e8:   000000000000000a 00007fccd96c5000
0x000070000d01d6f8:   0000000000000000 000000010a06071f
0x000070000d01d708:   0000000121ac6980 000070000d01d7d8
0x000070000d01d718:   000070000d01d910 00007fcc0000000a
0x000070000d01d728:   0000000121ac6980 000000010a073600
0x000070000d01d738:   000070000d01d920 000070000d01d8f0
0x000070000d01d748:   00000001030efcba 0000700000000000
0x000070000d01d758:   00007fccd96c5000 00007fccd96c5001
0x000070000d01d768:   000070000d01d910 0000000000000000
0x000070000d01d778:   000000010a073600 0000000000000002
0x000070000d01d788:   000070000d01d918 000070000d01d908
0x000070000d01d798:   00007fccd96c5000 00007fccd96c5000
0x000070000d01d7a8:   00007fccd7ee4790 00007fccd7ee47d0
0x000070000d01d7b8:   00007fccd7ee4830 00007fccd7ee48b8
0x000070000d01d7c8:   00000000000000d8 000070000d01db60
0x000070000d01d7d8:   00007fccd96c5000 00007fccda0a3d40
0x000070000d01d7e8:   0000000121ac6980 0000000000000000
0x000070000d01d7f8:   000070000d01dd20 000000010a3bb8fa
0x000070000d01d808:   0000000000000000 000070000d01d908
0x000070000d01d818:   00007fccd7e064c0 00007fccd7e06520 

Instructions: (pc=0x0000000108c80772)
0x0000000108c80752:   35 96 7e 00 00 4c 89 f7 ff 50 30 48 85 c0 0f 84
0x0000000108c80762:   b9 01 00 00 49 89 c7 49 8b 06 48 8d 15 9e 7e 00
0x0000000108c80772:   00 48 8d 0d 6a 7a 00 00 4c 89 f7 4c 89 fe ff 90
0x0000000108c80782:   f0 02 00 00 48 85 c0 0f 84 90 01 00 00 49 8b 0e 

Register to memory mapping:

RAX=0x0000000108c80770: jDateObjectPtrToCKDatePtr+0x43 in /Library/Java/JavaVirtualMachines/jdk1.8.0_181.jdk/Contents/Home/jre/lib/libj2pkcs11.dylib at 0x0000000108c7e000
RBX={method} {0x000000012161e0f0} 'iovMax' '()I' in 'io/netty/channel/unix/LimitsStaticallyReferencedJniMethods'
RCX=0x000000010362a5e0: UseMembar+0 in /Library/Java/JavaVirtualMachines/jdk1.8.0_181.jdk/Contents/Home/jre/lib/server/libjvm.dylib at 0x0000000102e00000
RDX=0x0000000000000008 is an unknown value
RSP=0x000070000d01d628 is pointing into the stack for thread: 0x00007fccd96c5000
RBP=0x000070000d01d670 is pointing into the stack for thread: 0x00007fccd96c5000
RSI=0x000070000d01d680 is pointing into the stack for thread: 0x00007fccd96c5000
RDI=0x00007fccd96c51f8 is an unknown value
R8 =0x00007fccd96c5000 is a thread
R9 =0x00007fccd96c5000 is a thread
R10=0x000000010a07863b is at code_begin+859 in an Interpreter codelet
method entry point (kind = native)  [0x000000010a0782e0, 0x000000010a078c40]  2400 bytes
R11=0x00000001032e8867: throw_unsatisfied_link_error+0 in /Library/Java/JavaVirtualMachines/jdk1.8.0_181.jdk/Contents/Home/jre/lib/server/libjvm.dylib at 0x0000000102e00000
R12=0x0000000000000000 is an unknown value
R13={method} {0x000000012161e0f0} 'iovMax' '()I' in 'io/netty/channel/unix/LimitsStaticallyReferencedJniMethods'
R14=0x000070000d01d688 is pointing into the stack for thread: 0x00007fccd96c5000
R15=0x00007fccd96c5000 is a thread


Stack: [0x000070000cf1f000,0x000070000d01f000],  sp=0x000070000d01d628,  free space=1017k
Native frames: (J=compiled Java code, j=interpreted, Vv=VM code, C=native code)
C  [libj2pkcs11.dylib+0x2772]  jDateObjectPtrToCKDatePtr+0x45
j  io.netty.channel.unix.Limits.<clinit>()V+0
v  ~StubRoutines::call_stub
V  [libjvm.dylib+0x2efcba]  JavaCalls::call_helper(JavaValue*, methodHandle*, JavaCallArguments*, Thread*)+0x6ae
V  [libjvm.dylib+0x2c2c4f]  InstanceKlass::call_class_initializer_impl(instanceKlassHandle, Thread*)+0xbf
V  [libjvm.dylib+0x2c4181]  InstanceKlass::initialize_impl(instanceKlassHandle, Thread*)+0x4ab
V  [libjvm.dylib+0x2c4417]  InstanceKlass::initialize(Thread*)+0x3d
V  [libjvm.dylib+0x34831f]  find_class_from_class_loader(JNIEnv_*, Symbol*, unsigned char, Handle, Handle, unsigned char, Thread*)+0x56
V  [libjvm.dylib+0x3529ae]  JVM_FindClassFromCaller+0x135
C  [libjava.dylib+0x195a]  Java_java_lang_Class_forName0+0x13f
J 822  java.lang.Class.forName0(Ljava/lang/String;ZLjava/lang/ClassLoader;Ljava/lang/Class;)Ljava/lang/Class; (0 bytes) @ 0x000000010a3bb974 [0x000000010a3bb880+0xf4]
J 4455 C1 java.lang.Class.forName(Ljava/lang/String;)Ljava/lang/Class; (15 bytes) @ 0x000000010a1bb9cc [0x000000010a1bb820+0x1ac]
j  nia.chapter2.echoclient.EchoClient.loadNettyClasses()V+236
j  nia.chapter2.echoclient.EchoClient.start()V+1
j  nia.chapter2.echoclient.EchoClient.main([Ljava/lang/String;)V+61
v  ~StubRoutines::call_stub
V  [libjvm.dylib+0x2efcba]  JavaCalls::call_helper(JavaValue*, methodHandle*, JavaCallArguments*, Thread*)+0x6ae
V  [libjvm.dylib+0x4d67a8]  Reflection::invoke(instanceKlassHandle, methodHandle, Handle, bool, objArrayHandle, BasicType, objArrayHandle, bool, Thread*)+0xe12
V  [libjvm.dylib+0x4d6cdc]  Reflection::invoke_method(oopDesc*, Handle, objArrayHandle, Thread*)+0x16c
V  [libjvm.dylib+0x348208]  JVM_InvokeMethod+0x166
J 2736  sun.reflect.NativeMethodAccessorImpl.invoke0(Ljava/lang/reflect/Method;Ljava/lang/Object;[Ljava/lang/Object;)Ljava/lang/Object; (0 bytes) @ 0x000000010a83586d [0x000000010a835780+0xed]
J 2735 C1 sun.reflect.NativeMethodAccessorImpl.invoke(Ljava/lang/Object;[Ljava/lang/Object;)Ljava/lang/Object; (104 bytes) @ 0x000000010a836e14 [0x000000010a835c40+0x11d4]
J 2112 C1 sun.reflect.DelegatingMethodAccessorImpl.invoke(Ljava/lang/Object;[Ljava/lang/Object;)Ljava/lang/Object; (10 bytes) @ 0x000000010a6f2d0c [0x000000010a6f2c00+0x10c]
J 2079 C1 java.lang.reflect.Method.invoke(Ljava/lang/Object;[Ljava/lang/Object;)Ljava/lang/Object; (62 bytes) @ 0x000000010a6de014 [0x000000010a6ddee0+0x134]
j  org.codehaus.mojo.exec.ExecJavaMojo$1.run()V+112
j  java.lang.Thread.run()V+11
v  ~StubRoutines::call_stub
V  [libjvm.dylib+0x2efcba]  JavaCalls::call_helper(JavaValue*, methodHandle*, JavaCallArguments*, Thread*)+0x6ae
V  [libjvm.dylib+0x2f045e]  JavaCalls::call_virtual(JavaValue*, KlassHandle, Symbol*, Symbol*, JavaCallArguments*, Thread*)+0x164
V  [libjvm.dylib+0x2f060a]  JavaCalls::call_virtual(JavaValue*, Handle, KlassHandle, Symbol*, Symbol*, Thread*)+0x4a
V  [libjvm.dylib+0x34aef9]  thread_entry(JavaThread*, Thread*)+0x7c
V  [libjvm.dylib+0x56fa7f]  JavaThread::thread_main_inner()+0x9b
V  [libjvm.dylib+0x57117a]  JavaThread::run()+0x1c2
V  [libjvm.dylib+0x48e342]  java_start(Thread*)+0xf6
C  [libsystem_pthread.dylib+0x393b]  _pthread_body+0xb4
C  [libsystem_pthread.dylib+0x3887]  _pthread_body+0x0
C  [libsystem_pthread.dylib+0x308d]  thread_start+0xd
C  0x0000000000000000

Java frames: (J=compiled Java code, j=interpreted, Vv=VM code)
j  io.netty.channel.unix.LimitsStaticallyReferencedJniMethods.iovMax()I+0
j  io.netty.channel.unix.Limits.<clinit>()V+0
v  ~StubRoutines::call_stub
J 822  java.lang.Class.forName0(Ljava/lang/String;ZLjava/lang/ClassLoader;Ljava/lang/Class;)Ljava/lang/Class; (0 bytes) @ 0x000000010a3bb8fa [0x000000010a3bb880+0x7a]
J 4455 C1 java.lang.Class.forName(Ljava/lang/String;)Ljava/lang/Class; (15 bytes) @ 0x000000010a1bb9cc [0x000000010a1bb820+0x1ac]
j  nia.chapter2.echoclient.EchoClient.loadNettyClasses()V+236
j  nia.chapter2.echoclient.EchoClient.start()V+1
j  nia.chapter2.echoclient.EchoClient.main([Ljava/lang/String;)V+61
v  ~StubRoutines::call_stub
J 2736  sun.reflect.NativeMethodAccessorImpl.invoke0(Ljava/lang/reflect/Method;Ljava/lang/Object;[Ljava/lang/Object;)Ljava/lang/Object; (0 bytes) @ 0x000000010a8357f7 [0x000000010a835780+0x77]
J 2735 C1 sun.reflect.NativeMethodAccessorImpl.invoke(Ljava/lang/Object;[Ljava/lang/Object;)Ljava/lang/Object; (104 bytes) @ 0x000000010a836e14 [0x000000010a835c40+0x11d4]
J 2112 C1 sun.reflect.DelegatingMethodAccessorImpl.invoke(Ljava/lang/Object;[Ljava/lang/Object;)Ljava/lang/Object; (10 bytes) @ 0x000000010a6f2d0c [0x000000010a6f2c00+0x10c]
J 2079 C1 java.lang.reflect.Method.invoke(Ljava/lang/Object;[Ljava/lang/Object;)Ljava/lang/Object; (62 bytes) @ 0x000000010a6de014 [0x000000010a6ddee0+0x134]
j  org.codehaus.mojo.exec.ExecJavaMojo$1.run()V+112
j  java.lang.Thread.run()V+11
v  ~StubRoutines::call_stub

---------------  P R O C E S S  ---------------

Java Threads: ( => current thread )
  0x00007fccd9f4a000 JavaThread "ScheduledService Delay Timer" daemon [_thread_blocked, id=27155, stack(0x000070000d125000,0x000070000d225000)]
  0x00007fccd90c2800 JavaThread "QuantumRenderer-0" daemon [_thread_blocked, id=20227, stack(0x000070000d022000,0x000070000d122000)]
=>0x00007fccd96c5000 JavaThread "nia.chapter2.echoclient.EchoClient.main()" [_thread_in_native, id=19715, stack(0x000070000cf1f000,0x000070000d01f000)]
  0x00007fccd8850000 JavaThread "Service Thread" daemon [_thread_blocked, id=18691, stack(0x000070000cd19000,0x000070000ce19000)]
  0x00007fccd9010000 JavaThread "C1 CompilerThread2" daemon [_thread_blocked, id=18179, stack(0x000070000cc16000,0x000070000cd16000)]
  0x00007fccd9800800 JavaThread "C2 CompilerThread1" daemon [_thread_blocked, id=17667, stack(0x000070000cb13000,0x000070000cc13000)]
  0x00007fccd900f000 JavaThread "C2 CompilerThread0" daemon [_thread_blocked, id=17155, stack(0x000070000ca10000,0x000070000cb10000)]
  0x00007fccd9014800 JavaThread "Signal Dispatcher" daemon [_thread_blocked, id=16643, stack(0x000070000c90d000,0x000070000ca0d000)]
  0x00007fccd900e000 JavaThread "Finalizer" daemon [_thread_blocked, id=12547, stack(0x000070000c80a000,0x000070000c90a000)]
  0x00007fccd8831800 JavaThread "Reference Handler" daemon [_thread_blocked, id=12035, stack(0x000070000c707000,0x000070000c807000)]
  0x00007fccd9005800 JavaThread "main" [_thread_blocked, id=7171, stack(0x000070000c0f5000,0x000070000c1f5000)]

Other Threads:
  0x00007fccd8031800 VMThread [stack: 0x000070000c604000,0x000070000c704000] [id=11523]
  0x00007fccd9034000 WatcherThread [stack: 0x000070000ce1c000,0x000070000cf1c000] [id=19203]

VM state:not at safepoint (normal execution)

VM Mutex/Monitor currently owned by a thread: None

Heap:
 PSYoungGen      total 360448K, used 95271K [0x000000076ab00000, 0x0000000789680000, 0x00000007c0000000)
  eden space 328704K, 28% used [0x000000076ab00000,0x0000000770809da8,0x000000077ec00000)
  from space 31744K, 0% used [0x0000000780900000,0x0000000780900000,0x0000000782800000)
  to   space 29696K, 0% used [0x000000077ec00000,0x000000077ec00000,0x0000000780900000)
 ParOldGen       total 186880K, used 33226K [0x00000006c0000000, 0x00000006cb680000, 0x000000076ab00000)
  object space 186880K, 17% used [0x00000006c0000000,0x00000006c2072b18,0x00000006cb680000)
 Metaspace       used 56232K, capacity 57112K, committed 57512K, reserved 1097728K
  class space    used 8730K, capacity 9041K, committed 9128K, reserved 1048576K

Card table byte_map: [0x0000000104174000,0x0000000104975000] byte_map_base: 0x0000000100b74000

Marking Bits: (ParMarkBitMap*) 0x00000001036f9cd0
 Begin Bits: [0x0000000119060000, 0x000000011d060000)
 End Bits:   [0x000000011d060000, 0x0000000121060000)

Polling page: 0x0000000102562000

CodeCache: size=245760Kb used=11877Kb max_used=13053Kb free=233882Kb
 bounds [0x000000010a060000, 0x000000010ad50000, 0x0000000119060000]
 total_blobs=4822 nmethods=4135 adapters=600
 compilation: enabled

Compilation events (10 events):
Event: 5.313 Thread 0x00007fccd9010000 4743       3       java.lang.invoke.MemberName::checkForTypeAlias (168 bytes)
Event: 5.314 Thread 0x00007fccd9010000 nmethod 4743 0x000000010ab559d0 code [0x000000010ab55dc0, 0x000000010ab58478]
Event: 5.314 Thread 0x00007fccd9010000 4744       3       java.lang.invoke.MemberName::access$200 (6 bytes)
Event: 5.314 Thread 0x00007fccd9010000 nmethod 4744 0x000000010a849350 code [0x000000010a8494c0, 0x000000010a849628]
Event: 5.327 Thread 0x00007fccd9800800 4745       4       java.lang.ClassLoader::checkName (43 bytes)
Event: 5.330 Thread 0x00007fccd9800800 nmethod 4745 0x000000010ab604d0 code [0x000000010ab60640, 0x000000010ab60878]
Event: 5.346 Thread 0x00007fccd9010000 4746       3       java.lang.invoke.MethodHandleNatives::refKindIsField (32 bytes)
Event: 5.346 Thread 0x00007fccd9010000 nmethod 4746 0x000000010a45b2d0 code [0x000000010a45b440, 0x000000010a45b5f0]
Event: 5.346 Thread 0x00007fccd9010000 4747       3       java.lang.invoke.MemberName::isMethod (7 bytes)
Event: 5.347 Thread 0x00007fccd9010000 nmethod 4747 0x000000010ab50a90 code [0x000000010ab50c00, 0x000000010ab50e70]

GC Heap History (10 events):
Event: 1.953 GC heap before
{Heap before GC invocations=4 (full 1):
 PSYoungGen      total 141824K, used 10094K [0x000000076ab00000, 0x000000077c000000, 0x00000007c0000000)
  eden space 131072K, 0% used [0x000000076ab00000,0x000000076ab00000,0x0000000772b00000)
  from space 10752K, 93% used [0x0000000772b00000,0x00000007734dba28,0x0000000773580000)
  to   space 10752K, 0% used [0x000000077b580000,0x000000077b580000,0x000000077c000000)
 ParOldGen       total 175104K, used 32K [0x00000006c0000000, 0x00000006cab00000, 0x000000076ab00000)
  object space 175104K, 0% used [0x00000006c0000000,0x00000006c0008000,0x00000006cab00000)
 Metaspace       used 20796K, capacity 21180K, committed 21296K, reserved 1069056K
  class space    used 2560K, capacity 2676K, committed 2688K, reserved 1048576K
Event: 1.992 GC heap after
Heap after GC invocations=4 (full 1):
 PSYoungGen      total 141824K, used 0K [0x000000076ab00000, 0x000000077c000000, 0x00000007c0000000)
  eden space 131072K, 0% used [0x000000076ab00000,0x000000076ab00000,0x0000000772b00000)
  from space 10752K, 0% used [0x0000000772b00000,0x0000000772b00000,0x0000000773580000)
  to   space 10752K, 0% used [0x000000077b580000,0x000000077b580000,0x000000077c000000)
 ParOldGen       total 110080K, used 9984K [0x00000006c0000000, 0x00000006c6b80000, 0x000000076ab00000)
  object space 110080K, 9% used [0x00000006c0000000,0x00000006c09c02d8,0x00000006c6b80000)
 Metaspace       used 20796K, capacity 21180K, committed 21296K, reserved 1069056K
  class space    used 2560K, capacity 2676K, committed 2688K, reserved 1048576K
}
Event: 2.934 GC heap before
{Heap before GC invocations=5 (full 1):
 PSYoungGen      total 141824K, used 131072K [0x000000076ab00000, 0x000000077c000000, 0x00000007c0000000)
  eden space 131072K, 100% used [0x000000076ab00000,0x0000000772b00000,0x0000000772b00000)
  from space 10752K, 0% used [0x0000000772b00000,0x0000000772b00000,0x0000000773580000)
  to   space 10752K, 0% used [0x000000077b580000,0x000000077b580000,0x000000077c000000)
 ParOldGen       total 110080K, used 9984K [0x00000006c0000000, 0x00000006c6b80000, 0x000000076ab00000)
  object space 110080K, 9% used [0x00000006c0000000,0x00000006c09c02d8,0x00000006c6b80000)
 Metaspace       used 26801K, capacity 27454K, committed 27648K, reserved 1073152K
  class space    used 3228K, capacity 3482K, committed 3584K, reserved 1048576K
Event: 2.948 GC heap after
Heap after GC invocations=5 (full 1):
 PSYoungGen      total 202752K, used 10741K [0x000000076ab00000, 0x000000077c000000, 0x00000007c0000000)
  eden space 192000K, 0% used [0x000000076ab00000,0x000000076ab00000,0x0000000776680000)
  from space 10752K, 99% used [0x000000077b580000,0x000000077bffd6f8,0x000000077c000000)
  to   space 10752K, 0% used [0x000000077ab00000,0x000000077ab00000,0x000000077b580000)
 ParOldGen       total 110080K, used 14388K [0x00000006c0000000, 0x00000006c6b80000, 0x000000076ab00000)
  object space 110080K, 13% used [0x00000006c0000000,0x00000006c0e0d0c8,0x00000006c6b80000)
 Metaspace       used 26801K, capacity 27454K, committed 27648K, reserved 1073152K
  class space    used 3228K, capacity 3482K, committed 3584K, reserved 1048576K
}
Event: 3.480 GC heap before
{Heap before GC invocations=6 (full 1):
 PSYoungGen      total 202752K, used 202741K [0x000000076ab00000, 0x000000077c000000, 0x00000007c0000000)
  eden space 192000K, 100% used [0x000000076ab00000,0x0000000776680000,0x0000000776680000)
  from space 10752K, 99% used [0x000000077b580000,0x000000077bffd6f8,0x000000077c000000)
  to   space 10752K, 0% used [0x000000077ab00000,0x000000077ab00000,0x000000077b580000)
 ParOldGen       total 110080K, used 14388K [0x00000006c0000000, 0x00000006c6b80000, 0x000000076ab00000)
  object space 110080K, 13% used [0x00000006c0000000,0x00000006c0e0d0c8,0x00000006c6b80000)
 Metaspace       used 27250K, capacity 27926K, committed 28160K, reserved 1073152K
  class space    used 3298K, capacity 3554K, committed 3584K, reserved 1048576K
Event: 3.562 GC heap after
Heap after GC invocations=6 (full 1):
 PSYoungGen      total 272896K, used 10747K [0x000000076ab00000, 0x0000000782800000, 0x00000007c0000000)
  eden space 262144K, 0% used [0x000000076ab00000,0x000000076ab00000,0x000000077ab00000)
  from space 10752K, 99% used [0x000000077ab00000,0x000000077b57ede0,0x000000077b580000)
  to   space 31744K, 0% used [0x0000000780900000,0x0000000780900000,0x0000000782800000)
 ParOldGen       total 110080K, used 41461K [0x00000006c0000000, 0x00000006c6b80000, 0x000000076ab00000)
  object space 110080K, 37% used [0x00000006c0000000,0x00000006c287d520,0x00000006c6b80000)
 Metaspace       used 27250K, capacity 27926K, committed 28160K, reserved 1073152K
  class space    used 3298K, capacity 3554K, committed 3584K, reserved 1048576K
}
Event: 3.982 GC heap before
{Heap before GC invocations=7 (full 1):
 PSYoungGen      total 272896K, used 68226K [0x000000076ab00000, 0x0000000782800000, 0x00000007c0000000)
  eden space 262144K, 21% used [0x000000076ab00000,0x000000076e321cf0,0x000000077ab00000)
  from space 10752K, 99% used [0x000000077ab00000,0x000000077b57ede0,0x000000077b580000)
  to   space 31744K, 0% used [0x0000000780900000,0x0000000780900000,0x0000000782800000)
 ParOldGen       total 110080K, used 41461K [0x00000006c0000000, 0x00000006c6b80000, 0x000000076ab00000)
  object space 110080K, 37% used [0x00000006c0000000,0x00000006c287d520,0x00000006c6b80000)
 Metaspace       used 34738K, capacity 35446K, committed 35496K, reserved 1079296K
  class space    used 4443K, capacity 4738K, committed 4776K, reserved 1048576K
Event: 3.999 GC heap after
Heap after GC invocations=7 (full 1):
 PSYoungGen      total 360448K, used 16679K [0x000000076ab00000, 0x0000000789680000, 0x00000007c0000000)
  eden space 328704K, 0% used [0x000000076ab00000,0x000000076ab00000,0x000000077ec00000)
  from space 31744K, 52% used [0x0000000780900000,0x0000000781949ce8,0x0000000782800000)
  to   space 29696K, 0% used [0x000000077ec00000,0x000000077ec00000,0x0000000780900000)
 ParOldGen       total 110080K, used 41469K [0x00000006c0000000, 0x00000006c6b80000, 0x000000076ab00000)
  object space 110080K, 37% used [0x00000006c0000000,0x00000006c287f520,0x00000006c6b80000)
 Metaspace       used 34738K, capacity 35446K, committed 35496K, reserved 1079296K
  class space    used 4443K, capacity 4738K, committed 4776K, reserved 1048576K
}
Event: 3.999 GC heap before
{Heap before GC invocations=8 (full 2):
 PSYoungGen      total 360448K, used 16679K [0x000000076ab00000, 0x0000000789680000, 0x00000007c0000000)
  eden space 328704K, 0% used [0x000000076ab00000,0x000000076ab00000,0x000000077ec00000)
  from space 31744K, 52% used [0x0000000780900000,0x0000000781949ce8,0x0000000782800000)
  to   space 29696K, 0% used [0x000000077ec00000,0x000000077ec00000,0x0000000780900000)
 ParOldGen       total 110080K, used 41469K [0x00000006c0000000, 0x00000006c6b80000, 0x000000076ab00000)
  object space 110080K, 37% used [0x00000006c0000000,0x00000006c287f520,0x00000006c6b80000)
 Metaspace       used 34738K, capacity 35446K, committed 35496K, reserved 1079296K
  class space    used 4443K, capacity 4738K, committed 4776K, reserved 1048576K
Event: 4.050 GC heap after
Heap after GC invocations=8 (full 2):
 PSYoungGen      total 360448K, used 0K [0x000000076ab00000, 0x0000000789680000, 0x00000007c0000000)
  eden space 328704K, 0% used [0x000000076ab00000,0x000000076ab00000,0x000000077ec00000)
  from space 31744K, 0% used [0x0000000780900000,0x0000000780900000,0x0000000782800000)
  to   space 29696K, 0% used [0x000000077ec00000,0x000000077ec00000,0x0000000780900000)
 ParOldGen       total 186880K, used 33226K [0x00000006c0000000, 0x00000006cb680000, 0x000000076ab00000)
  object space 186880K, 17% used [0x00000006c0000000,0x00000006c2072b18,0x00000006cb680000)
 Metaspace       used 34738K, capacity 35446K, committed 35496K, reserved 1079296K
  class space    used 4443K, capacity 4738K, committed 4776K, reserved 1048576K
}

Deoptimization events (10 events):
Event: 4.874 Thread 0x00007fccd96c5000 Uncommon trap: reason=null_check action=make_not_entrant pc=0x000000010ad22ab0 method=java.net.URL.getURLStreamHandler(Ljava/lang/String;)Ljava/net/URLStreamHandler; @ 7
Event: 4.874 Thread 0x00007fccd96c5000 Uncommon trap: reason=unstable_if action=reinterpret pc=0x000000010aced438 method=java.net.URLStreamHandler.parseURL(Ljava/net/URL;Ljava/lang/String;II)V @ 155
Event: 4.878 Thread 0x00007fccd96c5000 Uncommon trap: reason=class_check action=maybe_recompile pc=0x000000010abfd560 method=java.util.jar.JarFile.maybeInstantiateVerifier()V @ 79
Event: 4.888 Thread 0x00007fccd96c5000 Uncommon trap: reason=class_check action=maybe_recompile pc=0x000000010a9cd868 method=java.lang.StringCoding$StringDecoder.decode([BII)[C @ 30
Event: 4.891 Thread 0x00007fccd96c5000 Uncommon trap: reason=class_check action=maybe_recompile pc=0x000000010a9cd868 method=java.lang.StringCoding$StringDecoder.decode([BII)[C @ 30
Event: 4.897 Thread 0x00007fccd96c5000 Uncommon trap: reason=class_check action=maybe_recompile pc=0x000000010a9cd868 method=java.lang.StringCoding$StringDecoder.decode([BII)[C @ 30
Event: 5.014 Thread 0x00007fccd96c5000 Uncommon trap: reason=bimorphic action=maybe_recompile pc=0x000000010a9c6524 method=java.util.regex.Pattern$7.isSatisfiedBy(I)Z @ 5
Event: 5.014 Thread 0x00007fccd96c5000 Uncommon trap: reason=bimorphic action=maybe_recompile pc=0x000000010a9c6524 method=java.util.regex.Pattern$7.isSatisfiedBy(I)Z @ 5
Event: 5.014 Thread 0x00007fccd96c5000 Uncommon trap: reason=bimorphic action=maybe_recompile pc=0x000000010a9c6524 method=java.util.regex.Pattern$7.isSatisfiedBy(I)Z @ 5
Event: 5.014 Thread 0x00007fccd96c5000 Uncommon trap: reason=bimorphic action=maybe_recompile pc=0x000000010a9c6524 method=java.util.regex.Pattern$7.isSatisfiedBy(I)Z @ 5

Classes redefined (0 events):
No events

Internal exceptions (10 events):
Event: 5.327 Thread 0x00007fccd96c5000 Exception <a 'java/lang/NoClassDefFoundError': io.netty.channel.unix.Socket> (0x000000077043abd8) thrown at [/Users/java_re/workspace/8-2-build-macosx-x86_64/jdk8u181/11358/hotspot/src/share/vm/oops/instanceKlass.cpp, line 627]
Event: 5.329 Thread 0x00007fccd96c5000 Exception <a 'java/lang/NoClassDefFoundError': javafx.scene.control.Labeled> (0x0000000770447090) thrown at [/Users/java_re/workspace/8-2-build-macosx-x86_64/jdk8u181/11358/hotspot/src/share/vm/oops/instanceKlass.cpp, line 627]
Event: 5.332 Thread 0x00007fccd96c5000 Exception <a 'java/lang/NoClassDefFoundError': com/google/protobuf/ExtensionRegistryLite> (0x0000000770454ca8) thrown at [/Users/java_re/workspace/8-2-build-macosx-x86_64/jdk8u181/11358/hotspot/src/share/vm/classfile/systemDictionary.cpp, line 199]
Event: 5.338 Thread 0x00007fccd96c5000 Exception <a 'java/lang/NoClassDefFoundError': Could not initialize class io.netty.channel.epoll.Native> (0x0000000770464590) thrown at [/Users/java_re/workspace/8-2-build-macosx-x86_64/jdk8u181/11358/hotspot/src/share/vm/oops/instanceKlass.cpp, line 879]
Event: 5.338 Thread 0x00007fccd96c5000 Exception <a 'java/lang/UnsatisfiedLinkError'> (0x0000000770464798) thrown at [/Users/java_re/workspace/8-2-build-macosx-x86_64/jdk8u181/11358/hotspot/src/share/vm/oops/instanceKlass.cpp, line 959]
Event: 5.339 Thread 0x00007fccd96c5000 Exception <a 'java/lang/NoClassDefFoundError': javafx.scene.control.Control> (0x00000007704685d8) thrown at [/Users/java_re/workspace/8-2-build-macosx-x86_64/jdk8u181/11358/hotspot/src/share/vm/oops/instanceKlass.cpp, line 627]
Event: 5.344 Thread 0x00007fccd96c5000 Exception <a 'java/lang/NoClassDefFoundError': javafx.scene.control.Labeled> (0x00000007704741c8) thrown at [/Users/java_re/workspace/8-2-build-macosx-x86_64/jdk8u181/11358/hotspot/src/share/vm/oops/instanceKlass.cpp, line 627]
Event: 5.348 Thread 0x00007fccd96c5000 Exception <a 'java/lang/NoClassDefFoundError': javafx.scene.control.Control> (0x0000000770480e40) thrown at [/Users/java_re/workspace/8-2-build-macosx-x86_64/jdk8u181/11358/hotspot/src/share/vm/oops/instanceKlass.cpp, line 627]
Event: 5.348 Thread 0x00007fccd96c5000 Exception <a 'java/lang/NoClassDefFoundError'> (0x0000000770480e40) thrown at [/Users/java_re/workspace/8-2-build-macosx-x86_64/jdk8u181/11358/hotspot/src/share/vm/oops/instanceKlass.cpp, line 959]
Event: 5.354 Thread 0x00007fccd96c5000 Exception <a 'java/lang/NoClassDefFoundError': javafx.scene.control.Control> (0x000000077048f468) thrown at [/Users/java_re/workspace/8-2-build-macosx-x86_64/jdk8u181/11358/hotspot/src/share/vm/oops/instanceKlass.cpp, line 627]

Events (10 events):
Event: 5.352 loading class java/awt/Rectangle
Event: 5.352 loading class java/awt/Shape
Event: 5.352 loading class java/awt/Shape done
Event: 5.352 loading class java/awt/geom/Rectangle2D
Event: 5.352 loading class java/awt/geom/RectangularShape
Event: 5.352 loading class java/awt/geom/RectangularShape done
Event: 5.352 loading class java/awt/geom/Rectangle2D done
Event: 5.352 loading class java/awt/Rectangle done
Event: 5.352 loading class com/sun/scenario/effect/InnerShadow
Event: 5.352 loading class com/sun/scenario/effect/InnerShadow done


Dynamic libraries:
0x00007fffc8660000 	/System/Library/Frameworks/Cocoa.framework/Versions/A/Cocoa
0x00007fffcef05000 	/System/Library/Frameworks/Security.framework/Versions/A/Security
0x00007fffc7519000 	/System/Library/Frameworks/ApplicationServices.framework/Versions/A/ApplicationServices
0x00007fffde323000 	/usr/lib/libz.1.dylib
0x00007fffdce76000 	/usr/lib/libSystem.B.dylib
0x00007fffddb24000 	/usr/lib/libobjc.A.dylib
0x00007fffc8bf6000 	/System/Library/Frameworks/CoreFoundation.framework/Versions/A/CoreFoundation
0x00007fffca66e000 	/System/Library/Frameworks/Foundation.framework/Versions/C/Foundation
0x00007fffc672e000 	/System/Library/Frameworks/AppKit.framework/Versions/C/AppKit
0x00007fffc884c000 	/System/Library/Frameworks/CoreData.framework/Versions/A/CoreData
0x00007fffd98f8000 	/System/Library/PrivateFrameworks/RemoteViewServices.framework/Versions/A/RemoteViewServices
0x00007fffdb8e6000 	/System/Library/PrivateFrameworks/UIFoundation.framework/Versions/A/UIFoundation
0x00007fffd4c94000 	/System/Library/PrivateFrameworks/DFRFoundation.framework/Versions/A/DFRFoundation
0x00007fffdd467000 	/usr/lib/libenergytrace.dylib
0x00007fffda725000 	/System/Library/PrivateFrameworks/SkyLight.framework/Versions/A/SkyLight
0x00007fffc9090000 	/System/Library/Frameworks/CoreGraphics.framework/Versions/A/CoreGraphics
0x00007fffdce71000 	/usr/lib/libScreenReader.dylib
0x00007fffc5750000 	/System/Library/Frameworks/Accelerate.framework/Versions/A/Accelerate
0x00007fffcac6c000 	/System/Library/Frameworks/IOSurface.framework/Versions/A/IOSurface
0x00007fffc7a3c000 	/System/Library/Frameworks/AudioToolbox.framework/Versions/A/AudioToolbox
0x00007fffc7c49000 	/System/Library/Frameworks/AudioUnit.framework/Versions/A/AudioUnit
0x00007fffd4cd9000 	/System/Library/PrivateFrameworks/DataDetectorsCore.framework/Versions/A/DataDetectorsCore
0x00007fffd4dca000 	/System/Library/PrivateFrameworks/DesktopServicesPriv.framework/Versions/A/DesktopServicesPriv
0x00007fffc81ad000 	/System/Library/Frameworks/Carbon.framework/Versions/A/Frameworks/HIToolbox.framework/Versions/A/HIToolbox
0x00007fffdd570000 	/usr/lib/libicucore.A.dylib
0x00007fffce79b000 	/System/Library/Frameworks/QuartzCore.framework/Versions/A/QuartzCore
0x00007fffc8579000 	/System/Library/Frameworks/Carbon.framework/Versions/A/Frameworks/SpeechRecognition.framework/Versions/A/SpeechRecognition
0x00007fffdcf8f000 	/usr/lib/libauto.dylib
0x00007fffde209000 	/usr/lib/libxml2.2.dylib
0x00007fffd494e000 	/System/Library/PrivateFrameworks/CoreUI.framework/Versions/A/CoreUI
0x00007fffc87aa000 	/System/Library/Frameworks/CoreAudio.framework/Versions/A/CoreAudio
0x00007fffca4d7000 	/System/Library/Frameworks/DiskArbitration.framework/Versions/A/DiskArbitration
0x00007fffdd79b000 	/usr/lib/liblangid.dylib
0x00007fffd87df000 	/System/Library/PrivateFrameworks/MultitouchSupport.framework/Versions/A/MultitouchSupport
0x00007fffcabd5000 	/System/Library/Frameworks/IOKit.framework/Versions/A/IOKit
0x00007fffdcc37000 	/usr/lib/libDiagnosticMessagesClient.dylib
0x00007fffc9abb000 	/System/Library/Frameworks/CoreServices.framework/Versions/A/CoreServices
0x00007fffd919c000 	/System/Library/PrivateFrameworks/PerformanceAnalysis.framework/Versions/A/PerformanceAnalysis
0x00007fffd6c1c000 	/System/Library/PrivateFrameworks/GenerationalStorage.framework/Versions/A/GenerationalStorage
0x00007fffcdc3b000 	/System/Library/Frameworks/OpenGL.framework/Versions/A/OpenGL
0x00007fffc9713000 	/System/Library/Frameworks/CoreImage.framework/Versions/A/CoreImage
0x00007fffca1e4000 	/System/Library/Frameworks/CoreText.framework/Versions/A/CoreText
0x00007fffcacc5000 	/System/Library/Frameworks/ImageIO.framework/Versions/A/ImageIO
0x00007fffd250b000 	/System/Library/PrivateFrameworks/Backup.framework/Versions/A/Backup
0x00007fffdcee3000 	/usr/lib/libarchive.2.dylib
0x00007fffc7db2000 	/System/Library/Frameworks/CFNetwork.framework/Versions/A/CFNetwork
0x00007fffcf632000 	/System/Library/Frameworks/SystemConfiguration.framework/Versions/A/SystemConfiguration
0x00007fffdcb7e000 	/usr/lib/libCRFSuite.dylib
0x00007fffdcfb0000 	/usr/lib/libc++.1.dylib
0x00007fffdd007000 	/usr/lib/libc++abi.dylib
0x00007fffde343000 	/usr/lib/system/libcache.dylib
0x00007fffde348000 	/usr/lib/system/libcommonCrypto.dylib
0x00007fffde353000 	/usr/lib/system/libcompiler_rt.dylib
0x00007fffde35b000 	/usr/lib/system/libcopyfile.dylib
0x00007fffde364000 	/usr/lib/system/libcorecrypto.dylib
0x00007fffde3e8000 	/usr/lib/system/libdispatch.dylib
0x00007fffde41a000 	/usr/lib/system/libdyld.dylib
0x00007fffde420000 	/usr/lib/system/libkeymgr.dylib
0x00007fffde42e000 	/usr/lib/system/liblaunch.dylib
0x00007fffde42f000 	/usr/lib/system/libmacho.dylib
0x00007fffde435000 	/usr/lib/system/libquarantine.dylib
0x00007fffde438000 	/usr/lib/system/libremovefile.dylib
0x00007fffde43a000 	/usr/lib/system/libsystem_asl.dylib
0x00007fffde453000 	/usr/lib/system/libsystem_blocks.dylib
0x00007fffde454000 	/usr/lib/system/libsystem_c.dylib
0x00007fffde4e2000 	/usr/lib/system/libsystem_configuration.dylib
0x00007fffde4e6000 	/usr/lib/system/libsystem_coreservices.dylib
0x00007fffde4ea000 	/usr/lib/system/libsystem_coretls.dylib
0x00007fffde503000 	/usr/lib/system/libsystem_dnssd.dylib
0x00007fffde50a000 	/usr/lib/system/libsystem_info.dylib
0x00007fffde534000 	/usr/lib/system/libsystem_kernel.dylib
0x00007fffde557000 	/usr/lib/system/libsystem_m.dylib
0x00007fffde59f000 	/usr/lib/system/libsystem_malloc.dylib
0x00007fffde5be000 	/usr/lib/system/libsystem_network.dylib
0x00007fffde618000 	/usr/lib/system/libsystem_networkextension.dylib
0x00007fffde622000 	/usr/lib/system/libsystem_notify.dylib
0x00007fffde62c000 	/usr/lib/system/libsystem_platform.dylib
0x00007fffde635000 	/usr/lib/system/libsystem_pthread.dylib
0x00007fffde640000 	/usr/lib/system/libsystem_sandbox.dylib
0x00007fffde644000 	/usr/lib/system/libsystem_secinit.dylib
0x00007fffde646000 	/usr/lib/system/libsystem_symptoms.dylib
0x00007fffde64e000 	/usr/lib/system/libsystem_trace.dylib
0x00007fffde662000 	/usr/lib/system/libunwind.dylib
0x00007fffde668000 	/usr/lib/system/libxpc.dylib
0x00007fffdcf90000 	/usr/lib/libbsm.0.dylib
0x00007fffde421000 	/usr/lib/system/libkxld.dylib
0x00007fffdd059000 	/usr/lib/libcoretls.dylib
0x00007fffdd05a000 	/usr/lib/libcoretls_cfhelpers.dylib
0x00007fffdce70000 	/usr/lib/libOpenScriptingUtil.dylib
0x00007fffddef9000 	/usr/lib/libpam.2.dylib
0x00007fffddfb8000 	/usr/lib/libsqlite3.dylib
0x00007fffde1fb000 	/usr/lib/libxar.1.dylib
0x00007fffdcfa1000 	/usr/lib/libbz2.1.0.dylib
0x00007fffdd79d000 	/usr/lib/liblzma.5.dylib
0x00007fffddaa9000 	/usr/lib/libnetwork.dylib
0x00007fffddefe000 	/usr/lib/libpcap.A.dylib
0x00007fffc9e1e000 	/System/Library/Frameworks/CoreServices.framework/Versions/A/Frameworks/FSEvents.framework/Versions/A/FSEvents
0x00007fffc9b0e000 	/System/Library/Frameworks/CoreServices.framework/Versions/A/Frameworks/CarbonCore.framework/Versions/A/CarbonCore
0x00007fffc9f94000 	/System/Library/Frameworks/CoreServices.framework/Versions/A/Frameworks/Metadata.framework/Versions/A/Metadata
0x00007fffca045000 	/System/Library/Frameworks/CoreServices.framework/Versions/A/Frameworks/OSServices.framework/Versions/A/OSServices
0x00007fffca0a5000 	/System/Library/Frameworks/CoreServices.framework/Versions/A/Frameworks/SearchKit.framework/Versions/A/SearchKit
0x00007fffc9abc000 	/System/Library/Frameworks/CoreServices.framework/Versions/A/Frameworks/AE.framework/Versions/A/AE
0x00007fffc9e27000 	/System/Library/Frameworks/CoreServices.framework/Versions/A/Frameworks/LaunchServices.framework/Versions/A/LaunchServices
0x00007fffc9dea000 	/System/Library/Frameworks/CoreServices.framework/Versions/A/Frameworks/DictionaryServices.framework/Versions/A/DictionaryServices
0x00007fffca116000 	/System/Library/Frameworks/CoreServices.framework/Versions/A/Frameworks/SharedFileList.framework/Versions/A/SharedFileList
0x00007fffcce5f000 	/System/Library/Frameworks/NetFS.framework/Versions/A/NetFS
0x00007fffd88b9000 	/System/Library/PrivateFrameworks/NetAuth.framework/Versions/A/NetAuth
0x00007fffdcb27000 	/System/Library/PrivateFrameworks/login.framework/Versions/A/Frameworks/loginsupport.framework/Versions/A/loginsupport
0x00007fffdb718000 	/System/Library/PrivateFrameworks/TCC.framework/Versions/A/TCC
0x00007fffdd7ce000 	/usr/lib/libmecabra.dylib
0x00007fffc751a000 	/System/Library/Frameworks/ApplicationServices.framework/Versions/A/Frameworks/ATS.framework/Versions/A/ATS
0x00007fffc7899000 	/System/Library/Frameworks/ApplicationServices.framework/Versions/A/Frameworks/ColorSync.framework/Versions/A/ColorSync
0x00007fffc7944000 	/System/Library/Frameworks/ApplicationServices.framework/Versions/A/Frameworks/HIServices.framework/Versions/A/HIServices
0x00007fffc7996000 	/System/Library/Frameworks/ApplicationServices.framework/Versions/A/Frameworks/LangAnalysis.framework/Versions/A/LangAnalysis
0x00007fffc79a6000 	/System/Library/Frameworks/ApplicationServices.framework/Versions/A/Frameworks/PrintCore.framework/Versions/A/PrintCore
0x00007fffc79f4000 	/System/Library/Frameworks/ApplicationServices.framework/Versions/A/Frameworks/QD.framework/Versions/A/QD
0x00007fffc7a30000 	/System/Library/Frameworks/ApplicationServices.framework/Versions/A/Frameworks/SpeechSynthesis.framework/Versions/A/SpeechSynthesis
0x00007fffc5769000 	/System/Library/Frameworks/Accelerate.framework/Versions/A/Frameworks/vImage.framework/Versions/A/vImage
0x00007fffc646f000 	/System/Library/Frameworks/Accelerate.framework/Versions/A/Frameworks/vecLib.framework/Versions/A/vecLib
0x00007fffc6234000 	/System/Library/Frameworks/Accelerate.framework/Versions/A/Frameworks/vecLib.framework/Versions/A/libvDSP.dylib
0x00007fffc5df5000 	/System/Library/Frameworks/Accelerate.framework/Versions/A/Frameworks/vecLib.framework/Versions/A/libBNNS.dylib
0x00007fffc6218000 	/System/Library/Frameworks/Accelerate.framework/Versions/A/Frameworks/vecLib.framework/Versions/A/libQuadrature.dylib
0x00007fffc63bc000 	/System/Library/Frameworks/Accelerate.framework/Versions/A/Frameworks/vecLib.framework/Versions/A/libvMisc.dylib
0x00007fffc5e0a000 	/System/Library/Frameworks/Accelerate.framework/Versions/A/Frameworks/vecLib.framework/Versions/A/libLAPACK.dylib
0x00007fffc5c83000 	/System/Library/Frameworks/Accelerate.framework/Versions/A/Frameworks/vecLib.framework/Versions/A/libBLAS.dylib
0x00007fffc6201000 	/System/Library/Frameworks/Accelerate.framework/Versions/A/Frameworks/vecLib.framework/Versions/A/libLinearAlgebra.dylib
0x00007fffc621f000 	/System/Library/Frameworks/Accelerate.framework/Versions/A/Frameworks/vecLib.framework/Versions/A/libSparseBLAS.dylib
0x00007fffc7622000 	/System/Library/Frameworks/ApplicationServices.framework/Versions/A/Frameworks/ATS.framework/Versions/A/Resources/libFontParser.dylib
0x00007fffc7752000 	/System/Library/Frameworks/ApplicationServices.framework/Versions/A/Frameworks/ATS.framework/Versions/A/Resources/libFontRegistry.dylib
0x00007fffcaf1c000 	/System/Library/Frameworks/ImageIO.framework/Versions/A/Resources/libJPEG.dylib
0x00007fffcaf6b000 	/System/Library/Frameworks/ImageIO.framework/Versions/A/Resources/libTIFF.dylib
0x00007fffcaf40000 	/System/Library/Frameworks/ImageIO.framework/Versions/A/Resources/libPng.dylib
0x00007fffcae26000 	/System/Library/Frameworks/ImageIO.framework/Versions/A/Resources/libGIF.dylib
0x00007fffcae2b000 	/System/Library/Frameworks/ImageIO.framework/Versions/A/Resources/libJP2.dylib
0x00007fffcaf68000 	/System/Library/Frameworks/ImageIO.framework/Versions/A/Resources/libRadiance.dylib
0x00007fffdd042000 	/usr/lib/libcompression.dylib
0x00007fffd204d000 	/System/Library/PrivateFrameworks/AppleJPEG.framework/Versions/A/AppleJPEG
0x00007fffdd397000 	/usr/lib/libcups.2.dylib
0x00007fffcbd22000 	/System/Library/Frameworks/Kerberos.framework/Versions/A/Kerberos
0x00007fffcaa40000 	/System/Library/Frameworks/GSS.framework/Versions/A/GSS
0x00007fffddf4c000 	/usr/lib/libresolv.9.dylib
0x00007fffdd47d000 	/usr/lib/libiconv.2.dylib
0x00007fffd7349000 	/System/Library/PrivateFrameworks/Heimdal.framework/Versions/A/Heimdal
0x00007fffdd477000 	/usr/lib/libheimdal-asn1.dylib
0x00007fffcd0b0000 	/System/Library/Frameworks/OpenDirectory.framework/Versions/A/OpenDirectory
0x00007fffd3b60000 	/System/Library/PrivateFrameworks/CommonAuth.framework/Versions/A/CommonAuth
0x00007fffcd096000 	/System/Library/Frameworks/OpenDirectory.framework/Versions/A/Frameworks/CFOpenDirectory.framework/Versions/A/CFOpenDirectory
0x00007fffcf208000 	/System/Library/Frameworks/SecurityFoundation.framework/Versions/A/SecurityFoundation
0x00007fffd7b01000 	/System/Library/PrivateFrameworks/LanguageModeling.framework/Versions/A/LanguageModeling
0x00007fffdd7b7000 	/usr/lib/libmarisa.dylib
0x00007fffdcb9a000 	/usr/lib/libChineseTokenizer.dylib
0x00007fffdd031000 	/usr/lib/libcmph.dylib
0x00007fffd42b2000 	/System/Library/PrivateFrameworks/CoreEmoji.framework/Versions/A/CoreEmoji
0x00007fffcf2a8000 	/System/Library/Frameworks/ServiceManagement.framework/Versions/A/ServiceManagement
0x00007fffde2f9000 	/usr/lib/libxslt.1.dylib
0x00007fffc84c1000 	/System/Library/Frameworks/Carbon.framework/Versions/A/Frameworks/Ink.framework/Versions/A/Ink
0x00007fffdb7aa000 	/System/Library/PrivateFrameworks/TextureIO.framework/Versions/A/TextureIO
0x00007fffcc51b000 	/System/Library/Frameworks/Metal.framework/Versions/A/Metal
0x00007fffdcf0f000 	/usr/lib/libate.dylib
0x00007fffd694b000 	/System/Library/PrivateFrameworks/GPUCompiler.framework/libmetal_timestamp.dylib
0x00007fffcd0bf000 	/System/Library/Frameworks/OpenGL.framework/Versions/A/Libraries/libCoreFSCache.dylib
0x00007fffd79da000 	/System/Library/PrivateFrameworks/IOAccelerator.framework/Versions/A/IOAccelerator
0x00007fffca332000 	/System/Library/Frameworks/CoreVideo.framework/Versions/A/CoreVideo
0x00007fffdcc39000 	/usr/lib/libFosl_dynamic.dylib
0x00007fffd85d9000 	/System/Library/PrivateFrameworks/MetalPerformanceShaders.framework/Versions/A/MetalPerformanceShaders
0x00007fffd51c3000 	/System/Library/PrivateFrameworks/FaceCore.framework/Versions/A/FaceCore
0x00007fffcd047000 	/System/Library/Frameworks/OpenCL.framework/Versions/A/OpenCL
0x00007fffcd292000 	/System/Library/Frameworks/OpenGL.framework/Versions/A/Libraries/libGLU.dylib
0x00007fffcd0c8000 	/System/Library/Frameworks/OpenGL.framework/Versions/A/Libraries/libGFXShared.dylib
0x00007fffcd0d2000 	/System/Library/Frameworks/OpenGL.framework/Versions/A/Libraries/libGL.dylib
0x00007fffcd0de000 	/System/Library/Frameworks/OpenGL.framework/Versions/A/Libraries/libGLImage.dylib
0x00007fffcd0bc000 	/System/Library/Frameworks/OpenGL.framework/Versions/A/Libraries/libCVMSPluginSupport.dylib
0x00007fffcd0c3000 	/System/Library/Frameworks/OpenGL.framework/Versions/A/Libraries/libCoreVMClient.dylib
0x00007fffd4c14000 	/System/Library/PrivateFrameworks/CrashReporterSupport.framework/Versions/A/CrashReporterSupport
0x00007fffda677000 	/System/Library/PrivateFrameworks/Sharing.framework/Versions/A/Sharing
0x00007fffd79f8000 	/System/Library/PrivateFrameworks/IconServices.framework/Versions/A/IconServices
0x00007fffd98c5000 	/System/Library/PrivateFrameworks/ProtocolBuffer.framework/Versions/A/ProtocolBuffer
0x00007fffd1f22000 	/System/Library/PrivateFrameworks/Apple80211.framework/Versions/A/Apple80211
0x00007fffca368000 	/System/Library/Frameworks/CoreWLAN.framework/Versions/A/CoreWLAN
0x00007fffd4a8e000 	/System/Library/PrivateFrameworks/CoreUtils.framework/Versions/A/CoreUtils
0x00007fffcab31000 	/System/Library/Frameworks/IOBluetooth.framework/Versions/A/IOBluetooth
0x00007fffd4bae000 	/System/Library/PrivateFrameworks/CoreWiFi.framework/Versions/A/CoreWiFi
0x00007fffc8838000 	/System/Library/Frameworks/CoreBluetooth.framework/Versions/A/CoreBluetooth
0x00007fffc8b48000 	/System/Library/Frameworks/CoreDisplay.framework/Versions/A/CoreDisplay
0x00007fffd79e3000 	/System/Library/PrivateFrameworks/IOPresentment.framework/Versions/A/IOPresentment
0x00007fffd4c9f000 	/System/Library/PrivateFrameworks/DSExternalDisplay.framework/Versions/A/DSExternalDisplay
0x00007fffd4d8a000 	/System/Library/PrivateFrameworks/DebugSymbols.framework/Versions/A/DebugSymbols
0x00007fffd48be000 	/System/Library/PrivateFrameworks/CoreSymbolication.framework/Versions/A/CoreSymbolication
0x00007fffdb265000 	/System/Library/PrivateFrameworks/Symbolication.framework/Versions/A/Symbolication
0x00007fffd1f45000 	/System/Library/PrivateFrameworks/AppleFSCompression.framework/Versions/A/AppleFSCompression
0x00007fffdab6d000 	/System/Library/PrivateFrameworks/SpeechRecognitionCore.framework/Versions/A/SpeechRecognitionCore
0x00007fffd3214000 	/System/Library/PrivateFrameworks/ChunkingLibrary.framework/Versions/A/ChunkingLibrary
0x0000000102e00000 	/Library/Java/JavaVirtualMachines/jdk1.8.0_181.jdk/Contents/Home/jre/lib/server/libjvm.dylib
0x00007fffde162000 	/usr/lib/libstdc++.6.dylib
0x000000010251e000 	/Library/Java/JavaVirtualMachines/jdk1.8.0_181.jdk/Contents/Home/jre/lib/libverify.dylib
0x000000010252c000 	/Library/Java/JavaVirtualMachines/jdk1.8.0_181.jdk/Contents/Home/jre/lib/libjava.dylib
0x000000010256c000 	/Library/Java/JavaVirtualMachines/jdk1.8.0_181.jdk/Contents/Home/jre/lib/libzip.dylib
0x0000000108b15000 	/Users/kaung/.sdkman/candidates/maven/3.5.4/lib/jansi-native/osx/libjansi.jnilib
0x0000000108e25000 	/Library/Java/JavaVirtualMachines/jdk1.8.0_181.jdk/Contents/Home/jre/lib/libnet.dylib
0x0000000108e3c000 	/Library/Java/JavaVirtualMachines/jdk1.8.0_181.jdk/Contents/Home/jre/lib/libnio.dylib
0x0000000108b50000 	/Library/Java/JavaVirtualMachines/jdk1.8.0_181.jdk/Contents/Home/jre/lib/libprism_es2.dylib
0x0000000123928000 	/System/Library/Frameworks/OpenGL.framework/Resources/GLEngine.bundle/GLEngine
0x00007fffcd11b000 	/System/Library/Frameworks/OpenGL.framework/Versions/A/Libraries/libGLProgrammability.dylib
0x0000000123b0d000 	/System/Library/Extensions/AppleIntelKBLGraphicsGLDriver.bundle/Contents/MacOS/AppleIntelKBLGraphicsGLDriver
0x00007fffd6958000 	/System/Library/PrivateFrameworks/GPUSupport.framework/Versions/A/Libraries/libGPUSupportMercury.dylib
0x00000001097ed000 	/System/Library/Frameworks/OpenGL.framework/Resources//GLRendererFloat.bundle/GLRendererFloat
0x00007fffcd03e000 	/System/Library/Frameworks/OpenCL.framework/Versions/A/Libraries/libcldcpuengine.dylib
0x00007fffdd115000 	/usr/lib/libcrypto.0.9.8.dylib
0x00007fffdb8e4000 	/System/Library/PrivateFrameworks/TrustEvaluationAgent.framework/Versions/A/TrustEvaluationAgent
0x0000000108bab000 	/Library/Java/JavaVirtualMachines/jdk1.8.0_181.jdk/Contents/Home/jre/lib/libjavafx_font.dylib
0x00007fffd45fd000 	/System/Library/PrivateFrameworks/CoreServicesInternal.framework/Versions/A/CoreServicesInternal
0x0000000109417000 	/Library/Java/JavaVirtualMachines/jdk1.8.0_181.jdk/Contents/Home/jre/lib/libsunec.dylib
0x0000000108c7e000 	/Library/Java/JavaVirtualMachines/jdk1.8.0_181.jdk/Contents/Home/jre/lib/libj2pkcs11.dylib
0x0000000108c90000 	/Library/Java/JavaVirtualMachines/jdk1.8.0_181.jdk/Contents/Home/jre/lib/libmanagement.dylib

VM Arguments:
jvm_args: -XX:+TraceClassLoading -Dclassworlds.conf=/Users/kaung/.sdkman/candidates/maven/current/bin/m2.conf -Dmaven.home=/Users/kaung/.sdkman/candidates/maven/current -Dlibrary.jansi.path=/Users/kaung/.sdkman/candidates/maven/current/lib/jansi-native -Dmaven.multiModuleProjectDirectory=/Users/kaung/personal/netty-in-action/chapter2/Client 
java_command: org.codehaus.plexus.classworlds.launcher.Launcher clean package exec:java -Decho-server.port=8880 -Djava.util.logging.config.file=/Users/kaung/personal/netty-in-action/chapter2/Client/logging.properties
java_class_path (initial): /Users/kaung/.sdkman/candidates/maven/current/boot/plexus-classworlds-2.5.2.jar
Launcher Type: SUN_STANDARD

Environment Variables:
PATH=/Users/kaung/.sdkman/candidates/maven/current/bin:/usr/local/Cellar/pyenv-virtualenv/1.1.3/shims:/Users/kaung/.pyenv/shims:/Users/kaung/.pyenv/bin:/Users/kaung/bin:/Users/kaung/.toolbox/bin:/usr/local/bin:/apollo/env/SDETools/bin:/usr/local/bin:/apollo/env/SDETools/bin:/usr/local/bin:/usr/bin:/bin:/usr/sbin:/sbin:/opt/X11/bin:/Users/bin:/Users/kaung/LambdaDevOSX/bin:/apollo/env/SDETools/bin
SHELL=/bin/zsh
DISPLAY=/private/tmp/com.apple.launchd.zEqZkR13KE/org.macosforge.xquartz:0

Signal Handlers:
SIGSEGV: [libjvm.dylib+0x5b6029], sa_mask[0]=11111111011111110111111111111111, sa_flags=SA_ONSTACK|SA_RESTART|SA_SIGINFO
SIGBUS: [libjvm.dylib+0x5b6029], sa_mask[0]=11111111011111110111111111111111, sa_flags=SA_RESTART|SA_SIGINFO
SIGFPE: [libjvm.dylib+0x48b934], sa_mask[0]=11111111011111110111111111111111, sa_flags=SA_RESTART|SA_SIGINFO
SIGPIPE: [libjvm.dylib+0x48b934], sa_mask[0]=11111111011111110111111111111111, sa_flags=SA_RESTART|SA_SIGINFO
SIGXFSZ: [libjvm.dylib+0x48b934], sa_mask[0]=11111111011111110111111111111111, sa_flags=SA_RESTART|SA_SIGINFO
SIGILL: [libjvm.dylib+0x48b934], sa_mask[0]=11111111011111110111111111111111, sa_flags=SA_RESTART|SA_SIGINFO
SIGUSR1: SIG_DFL, sa_mask[0]=00000000000000000000000000000000, sa_flags=SA_RESTART
SIGUSR2: [libjvm.dylib+0x48b452], sa_mask[0]=00000000000000000000000000000000, sa_flags=SA_RESTART|SA_SIGINFO
SIGHUP: [libjvm.dylib+0x489a1d], sa_mask[0]=11111111011111110111111111111111, sa_flags=SA_RESTART|SA_SIGINFO
SIGINT: [libjvm.dylib+0x489a1d], sa_mask[0]=11111111011111110111111111111111, sa_flags=SA_RESTART|SA_SIGINFO
SIGTERM: [libjvm.dylib+0x489a1d], sa_mask[0]=11111111011111110111111111111111, sa_flags=SA_RESTART|SA_SIGINFO
SIGQUIT: [libjvm.dylib+0x489a1d], sa_mask[0]=11111111011111110111111111111111, sa_flags=SA_RESTART|SA_SIGINFO


---------------  S Y S T E M  ---------------

OS:Bsduname:Darwin 16.7.0 Darwin Kernel Version 16.7.0: Thu Jun 21 20:07:39 PDT 2018; root:xnu-3789.73.14~1/RELEASE_X86_64 x86_64
rlimit: STACK 8192k, CORE 0k, NPROC 709, NOFILE 10240, AS infinity
load average:3.39 3.40 3.28

CPU:total 4 (initial active 4) (2 cores per cpu, 2 threads per core) family 6 model 142 stepping 9, cmov, cx8, fxsr, mmx, sse, sse2, sse3, ssse3, sse4.1, sse4.2, popcnt, avx, avx2, aes, clmul, erms, rtm, 3dnowpref, lzcnt, ht, tsc, tscinvbit, bmi1, bmi2, adx

Memory: 4k page, physical 16777216k(414736k free)

/proc/meminfo:


vm_info: Java HotSpot(TM) 64-Bit Server VM (25.181-b13) for bsd-amd64 JRE (1.8.0_181-b13), built on Jul  7 2018 01:02:31 by "java_re" with gcc 4.2.1 (Based on Apple Inc. build 5658) (LLVM build 2336.11.00)

time: Sun Oct 21 15:20:58 2018
elapsed time: 5 seconds (0d 0h 0m 5s)

