#
# A fatal error has been detected by the Java Runtime Environment:
#
#  SIGSEGV (0xb) at pc=0x000000010bd28770, pid=82051, tid=0x0000000000004d03
#
# JRE version: Java(TM) SE Runtime Environment (8.0_181-b13) (build 1.8.0_181-b13)
# Java VM: Java HotSpot(TM) 64-Bit Server VM (25.181-b13 mixed mode bsd-amd64 compressed oops)
# Problematic frame:
# C  0x000000010bd28770
#
# Failed to write core dump. Core dumps have been disabled. To enable core dumping, try "ulimit -c unlimited" before starting Java again
#
# If you would like to submit a bug report, please visit:
#   http://bugreport.java.com/bugreport/crash.jsp
# The crash happened outside the Java Virtual Machine in native code.
# See problematic frame for where to report the bug.
#

---------------  T H R E A D  ---------------

Current thread (0x00007f9c06315000):  JavaThread "nia.chapter2.echoclient.EchoClient.main()" [_thread_in_native, id=19715, stack(0x0000700007b9b000,0x0000700007c9b000)]

siginfo: si_signo: 11 (SIGSEGV), si_code: 1 (SEGV_MAPERR), si_addr: 0x000000010bd28770

Registers:
RAX=0x000000010bd28770, RBX=0x000000010d0e6e20, RCX=0x000000010642a5e0, RDX=0x0000000000000008
RSP=0x0000700007c98dc8, RBP=0x0000700007c98e10, RSI=0x0000700007c98e20, RDI=0x00007f9c063151f8
R8 =0x00007f9c06315000, R9 =0x00007f9c06315000, R10=0x000000010e90b63b, R11=0x00000001060e8867
R12=0x0000000000000000, R13=0x000000010d0e6e20, R14=0x0000700007c98e28, R15=0x00007f9c06315000
RIP=0x000000010bd28770, EFLAGS=0x0000000000010216, ERR=0x0000000000000014
  TRAPNO=0x000000000000000e

Top of Stack: (sp=0x0000700007c98dc8)
0x0000700007c98dc8:   000000010e90b667 0000700007c98dd0
0x0000700007c98dd8:   000000010d0e6e20 0000700007c98e28
0x0000700007c98de8:   00000001276ddd88 0000000000000000
0x0000700007c98df8:   000000010d0e6e20 0000000000000000
0x0000700007c98e08:   0000700007c98e30 0000700007c98e70
0x0000700007c98e18:   000000010e8fad00 00000006c2476990
0x0000700007c98e28:   000000010e904d16 0000700007c98e30
0x0000700007c98e38:   000000010e45a630 0000700007c98e78
0x0000700007c98e48:   00000001277742b0 0000000000000000
0x0000700007c98e58:   000000010e45a650 0000700007c98e30
0x0000700007c98e68:   0000700007c98e80 0000700007c98ee0
0x0000700007c98e78:   000000010e8f37a7 0000000100001fa0
0x0000700007c98e88:   000000000000000a 00007f9c06315000
0x0000700007c98e98:   0000000000000000 000000010e8f371f
0x0000700007c98ea8:   000000010e45a650 0000700007c98f78
0x0000700007c98eb8:   0000700007c990b0 00007f9c0000000a
0x0000700007c98ec8:   000000010e45a650 000000010e906600
0x0000700007c98ed8:   0000700007c990c0 0000700007c99090
0x0000700007c98ee8:   0000000105eefcba 0000700000000000
0x0000700007c98ef8:   00007f9c06315000 00007f9c06315001
0x0000700007c98f08:   0000700007c990b0 0000000000000000
0x0000700007c98f18:   000000010e906600 00000001084dbbb0
0x0000700007c98f28:   0000700007c990b8 0000700007c990a8
0x0000700007c98f38:   00007f9c06315000 00007f9c06315000
0x0000700007c98f48:   00007f9c0514f550 00007f9c0514f590
0x0000700007c98f58:   00007f9c0514f618 00007f9c0514f678
0x0000700007c98f68:   00000000000000d8 0000700007c99300
0x0000700007c98f78:   00007f9c06315000 00007f9c02fa6510
0x0000700007c98f88:   000000010e45a650 0000000000000000
0x0000700007c98f98:   0000700007c996c0 000000010e916a3f
0x0000700007c98fa8:   0000700007c99700 0000700007c990a8
0x0000700007c98fb8:   00007f9c02e07bf0 00007f9c02e07c50 

Instructions: (pc=0x000000010bd28770)
0x000000010bd28750:   
[error occurred during error reporting (printing registers, top of stack, instructions near pc), id 0xb]

Register to memory mapping:

RAX=0x000000010bd28770 is an unknown value
RBX={method} {0x000000010d0e6e20} 'iovMax' '()I' in 'io/netty/channel/unix/LimitsStaticallyReferencedJniMethods'
RCX=0x000000010642a5e0: UseMembar+0 in /Library/Java/JavaVirtualMachines/jdk1.8.0_181.jdk/Contents/Home/jre/lib/server/libjvm.dylib at 0x0000000105c00000
RDX=0x0000000000000008 is an unknown value
RSP=0x0000700007c98dc8 is pointing into the stack for thread: 0x00007f9c06315000
RBP=0x0000700007c98e10 is pointing into the stack for thread: 0x00007f9c06315000
RSI=0x0000700007c98e20 is pointing into the stack for thread: 0x00007f9c06315000
RDI=0x00007f9c063151f8 is an unknown value
R8 =0x00007f9c06315000 is a thread
R9 =0x00007f9c06315000 is a thread
R10=0x000000010e90b63b is at code_begin+859 in an Interpreter codelet
method entry point (kind = native)  [0x000000010e90b2e0, 0x000000010e90bc40]  2400 bytes
R11=0x00000001060e8867: throw_unsatisfied_link_error+0 in /Library/Java/JavaVirtualMachines/jdk1.8.0_181.jdk/Contents/Home/jre/lib/server/libjvm.dylib at 0x0000000105c00000
R12=0x0000000000000000 is an unknown value
R13={method} {0x000000010d0e6e20} 'iovMax' '()I' in 'io/netty/channel/unix/LimitsStaticallyReferencedJniMethods'
R14=0x0000700007c98e28 is pointing into the stack for thread: 0x00007f9c06315000
R15=0x00007f9c06315000 is a thread


Stack: [0x0000700007b9b000,0x0000700007c9b000],  sp=0x0000700007c98dc8,  free space=1015k
Native frames: (J=compiled Java code, j=interpreted, Vv=VM code, C=native code)
C  0x000000010bd28770
j  io.netty.channel.unix.Limits.<clinit>()V+0
v  ~StubRoutines::call_stub
V  [libjvm.dylib+0x2efcba]  JavaCalls::call_helper(JavaValue*, methodHandle*, JavaCallArguments*, Thread*)+0x6ae
V  [libjvm.dylib+0x2c2c4f]  InstanceKlass::call_class_initializer_impl(instanceKlassHandle, Thread*)+0xbf
V  [libjvm.dylib+0x2c4181]  InstanceKlass::initialize_impl(instanceKlassHandle, Thread*)+0x4ab
V  [libjvm.dylib+0x2c4417]  InstanceKlass::initialize(Thread*)+0x3d
V  [libjvm.dylib+0x3cb7d4]  LinkResolver::resolve_field(fieldDescriptor&, KlassHandle, Symbol*, Symbol*, KlassHandle, Bytecodes::Code, bool, bool, Thread*)+0x31a
V  [libjvm.dylib+0x3cd937]  LinkResolver::resolve_field_access(fieldDescriptor&, constantPoolHandle, int, Bytecodes::Code, Thread*)+0x101
V  [libjvm.dylib+0x2eac11]  InterpreterRuntime::resolve_get_put(JavaThread*, Bytecodes::Code)+0x105
j  io.netty.channel.unix.IovArray.<clinit>()V+30
v  ~StubRoutines::call_stub
V  [libjvm.dylib+0x2efcba]  JavaCalls::call_helper(JavaValue*, methodHandle*, JavaCallArguments*, Thread*)+0x6ae
V  [libjvm.dylib+0x2c2c4f]  InstanceKlass::call_class_initializer_impl(instanceKlassHandle, Thread*)+0xbf
V  [libjvm.dylib+0x2c4181]  InstanceKlass::initialize_impl(instanceKlassHandle, Thread*)+0x4ab
V  [libjvm.dylib+0x2c4417]  InstanceKlass::initialize(Thread*)+0x3d
V  [libjvm.dylib+0x34831f]  find_class_from_class_loader(JNIEnv_*, Symbol*, unsigned char, Handle, Handle, unsigned char, Thread*)+0x56
V  [libjvm.dylib+0x3529ae]  JVM_FindClassFromCaller+0x135
C  [libjava.dylib+0x195a]  Java_java_lang_Class_forName0+0x13f
J 819  java.lang.Class.forName0(Ljava/lang/String;ZLjava/lang/ClassLoader;Ljava/lang/Class;)Ljava/lang/Class; (0 bytes) @ 0x000000010ec4f934 [0x000000010ec4f840+0xf4]
J 4255 C1 java.lang.Class.forName(Ljava/lang/String;)Ljava/lang/Class; (15 bytes) @ 0x000000010f50d0cc [0x000000010f50cf20+0x1ac]
j  nia.chapter2.echoclient.EchoClient.loadNettyClasses()V+302
j  nia.chapter2.echoclient.EchoClient.start()V+1
j  nia.chapter2.echoclient.EchoClient.main([Ljava/lang/String;)V+61
v  ~StubRoutines::call_stub
V  [libjvm.dylib+0x2efcba]  JavaCalls::call_helper(JavaValue*, methodHandle*, JavaCallArguments*, Thread*)+0x6ae
V  [libjvm.dylib+0x4d67a8]  Reflection::invoke(instanceKlassHandle, methodHandle, Handle, bool, objArrayHandle, BasicType, objArrayHandle, bool, Thread*)+0xe12
V  [libjvm.dylib+0x4d6cdc]  Reflection::invoke_method(oopDesc*, Handle, objArrayHandle, Thread*)+0x16c
V  [libjvm.dylib+0x348208]  JVM_InvokeMethod+0x166
J 2583  sun.reflect.NativeMethodAccessorImpl.invoke0(Ljava/lang/reflect/Method;Ljava/lang/Object;[Ljava/lang/Object;)Ljava/lang/Object; (0 bytes) @ 0x000000010f05286d [0x000000010f052780+0xed]
J 2582 C1 sun.reflect.NativeMethodAccessorImpl.invoke(Ljava/lang/Object;[Ljava/lang/Object;)Ljava/lang/Object; (104 bytes) @ 0x000000010f05c294 [0x000000010f05b0c0+0x11d4]
J 2139 C1 sun.reflect.DelegatingMethodAccessorImpl.invoke(Ljava/lang/Object;[Ljava/lang/Object;)Ljava/lang/Object; (10 bytes) @ 0x000000010ef7c834 [0x000000010ef7c7c0+0x74]
J 2088 C1 java.lang.reflect.Method.invoke(Ljava/lang/Object;[Ljava/lang/Object;)Ljava/lang/Object; (62 bytes) @ 0x000000010ef6c294 [0x000000010ef6c160+0x134]
j  org.codehaus.mojo.exec.ExecJavaMojo$1.run()V+112
j  java.lang.Thread.run()V+11
v  ~StubRoutines::call_stub
V  [libjvm.dylib+0x2efcba]  JavaCalls::call_helper(JavaValue*, methodHandle*, JavaCallArguments*, Thread*)+0x6ae
V  [libjvm.dylib+0x2f045e]  JavaCalls::call_virtual(JavaValue*, KlassHandle, Symbol*, Symbol*, JavaCallArguments*, Thread*)+0x164
V  [libjvm.dylib+0x2f060a]  JavaCalls::call_virtual(JavaValue*, Handle, KlassHandle, Symbol*, Symbol*, Thread*)+0x4a
V  [libjvm.dylib+0x34aef9]  thread_entry(JavaThread*, Thread*)+0x7c
V  [libjvm.dylib+0x56fa7f]  JavaThread::thread_main_inner()+0x9b
V  [libjvm.dylib+0x57117a]  JavaThread::run()+0x1c2
V  [libjvm.dylib+0x48e342]  java_start(Thread*)+0xf6
C  [libsystem_pthread.dylib+0x393b]  _pthread_body+0xb4
C  [libsystem_pthread.dylib+0x3887]  _pthread_body+0x0
C  [libsystem_pthread.dylib+0x308d]  thread_start+0xd
C  0x0000000000000000

Java frames: (J=compiled Java code, j=interpreted, Vv=VM code)
j  io.netty.channel.unix.LimitsStaticallyReferencedJniMethods.iovMax()I+0
j  io.netty.channel.unix.Limits.<clinit>()V+0
v  ~StubRoutines::call_stub
j  io.netty.channel.unix.IovArray.<clinit>()V+30
v  ~StubRoutines::call_stub
J 819  java.lang.Class.forName0(Ljava/lang/String;ZLjava/lang/ClassLoader;Ljava/lang/Class;)Ljava/lang/Class; (0 bytes) @ 0x000000010ec4f8ba [0x000000010ec4f840+0x7a]
J 4255 C1 java.lang.Class.forName(Ljava/lang/String;)Ljava/lang/Class; (15 bytes) @ 0x000000010f50d0cc [0x000000010f50cf20+0x1ac]
j  nia.chapter2.echoclient.EchoClient.loadNettyClasses()V+302
j  nia.chapter2.echoclient.EchoClient.start()V+1
j  nia.chapter2.echoclient.EchoClient.main([Ljava/lang/String;)V+61
v  ~StubRoutines::call_stub
J 2583  sun.reflect.NativeMethodAccessorImpl.invoke0(Ljava/lang/reflect/Method;Ljava/lang/Object;[Ljava/lang/Object;)Ljava/lang/Object; (0 bytes) @ 0x000000010f0527f7 [0x000000010f052780+0x77]
J 2582 C1 sun.reflect.NativeMethodAccessorImpl.invoke(Ljava/lang/Object;[Ljava/lang/Object;)Ljava/lang/Object; (104 bytes) @ 0x000000010f05c294 [0x000000010f05b0c0+0x11d4]
J 2139 C1 sun.reflect.DelegatingMethodAccessorImpl.invoke(Ljava/lang/Object;[Ljava/lang/Object;)Ljava/lang/Object; (10 bytes) @ 0x000000010ef7c834 [0x000000010ef7c7c0+0x74]
J 2088 C1 java.lang.reflect.Method.invoke(Ljava/lang/Object;[Ljava/lang/Object;)Ljava/lang/Object; (62 bytes) @ 0x000000010ef6c294 [0x000000010ef6c160+0x134]
j  org.codehaus.mojo.exec.ExecJavaMojo$1.run()V+112
j  java.lang.Thread.run()V+11
v  ~StubRoutines::call_stub

---------------  P R O C E S S  ---------------

Java Threads: ( => current thread )
  0x00007f9c078e0800 JavaThread "QuantumRenderer-0" daemon [_thread_blocked, id=20227, stack(0x0000700007c9e000,0x0000700007d9e000)]
=>0x00007f9c06315000 JavaThread "nia.chapter2.echoclient.EchoClient.main()" [_thread_in_native, id=19715, stack(0x0000700007b9b000,0x0000700007c9b000)]
  0x00007f9c04829000 JavaThread "Service Thread" daemon [_thread_blocked, id=18691, stack(0x0000700007995000,0x0000700007a95000)]
  0x00007f9c03060800 JavaThread "C1 CompilerThread2" daemon [_thread_blocked, id=18179, stack(0x0000700007892000,0x0000700007992000)]
  0x00007f9c03060000 JavaThread "C2 CompilerThread1" daemon [_thread_blocked, id=17667, stack(0x000070000778f000,0x000070000788f000)]
  0x00007f9c0306b000 JavaThread "C2 CompilerThread0" daemon [_thread_blocked, id=17155, stack(0x000070000768c000,0x000070000778c000)]
  0x00007f9c04005800 JavaThread "Signal Dispatcher" daemon [_thread_blocked, id=16643, stack(0x0000700007589000,0x0000700007689000)]
  0x00007f9c03034800 JavaThread "Finalizer" daemon [_thread_blocked, id=12547, stack(0x0000700007486000,0x0000700007586000)]
  0x00007f9c03034000 JavaThread "Reference Handler" daemon [_thread_blocked, id=12035, stack(0x0000700007383000,0x0000700007483000)]
  0x00007f9c04801800 JavaThread "main" [_thread_blocked, id=7171, stack(0x0000700006d71000,0x0000700006e71000)]

Other Threads:
  0x00007f9c04818800 VMThread [stack: 0x0000700007280000,0x0000700007380000] [id=11523]
  0x00007f9c03801000 WatcherThread [stack: 0x0000700007a98000,0x0000700007b98000] [id=19203]

VM state:not at safepoint (normal execution)

VM Mutex/Monitor currently owned by a thread: None

Heap:
 PSYoungGen      total 272896K, used 87118K [0x000000076ab00000, 0x0000000780400000, 0x00000007c0000000)
  eden space 262144K, 33% used [0x000000076ab00000,0x0000000770013920,0x000000077ab00000)
  from space 10752K, 0% used [0x000000077ab00000,0x000000077ab00000,0x000000077b580000)
  to   space 27648K, 0% used [0x000000077e900000,0x000000077e900000,0x0000000780400000)
 ParOldGen       total 217088K, used 40701K [0x00000006c0000000, 0x00000006cd400000, 0x000000076ab00000)
  object space 217088K, 18% used [0x00000006c0000000,0x00000006c27bf668,0x00000006cd400000)
 Metaspace       used 54078K, capacity 54850K, committed 55296K, reserved 1095680K
  class space    used 8510K, capacity 8840K, committed 8960K, reserved 1048576K

Card table byte_map: [0x0000000106f74000,0x0000000107775000] byte_map_base: 0x0000000103974000

Marking Bits: (ParMarkBitMap*) 0x00000001064f9cd0
 Begin Bits: [0x000000011d8f3000, 0x00000001218f3000)
 End Bits:   [0x00000001218f3000, 0x00000001258f3000)

Polling page: 0x000000010536a000

CodeCache: size=245760Kb used=12504Kb max_used=13509Kb free=233255Kb
 bounds [0x000000010e8f3000, 0x000000010f633000, 0x000000011d8f3000]
 total_blobs=4947 nmethods=4292 adapters=568
 compilation: enabled

Compilation events (10 events):
Event: 4.691 Thread 0x00007f9c03060800 nmethod 4577 0x000000010ebf8990 code [0x000000010ebf8ae0, 0x000000010ebf8bf0]
Event: 4.694 Thread 0x00007f9c0306b000 4578       4       java.io.File::isInvalid (47 bytes)
Event: 4.696 Thread 0x00007f9c0306b000 nmethod 4578 0x000000010ea072d0 code [0x000000010ea07420, 0x000000010ea075d8]
Event: 4.705 Thread 0x00007f9c03060000 4579       4       java.lang.ClassLoader::checkPackageAccess (122 bytes)
Event: 4.706 Thread 0x00007f9c0306b000 4580   !   4       java.util.Collections$SynchronizedCollection::add (25 bytes)
Event: 4.715 Thread 0x00007f9c03060800 4581       3       java.lang.invoke.MemberName::getInvocationType (56 bytes)
Event: 4.715 Thread 0x00007f9c03060800 nmethod 4581 0x000000010ec45f10 code [0x000000010ec46100, 0x000000010ec46ce8]
Event: 4.716 Thread 0x00007f9c03060800 4582       3       java.lang.invoke.InvokerBytecodeGenerator::emitImplicitConversion (159 bytes)
Event: 4.717 Thread 0x00007f9c03060800 nmethod 4582 0x000000010e9fea90 code [0x000000010e9fed60, 0x000000010ea00058]
Event: 4.720 Thread 0x00007f9c0306b000 nmethod 4580 0x000000010ec1ae10 code [0x000000010ec1afe0, 0x000000010ec1bab8]

GC Heap History (10 events):
Event: 1.930 GC heap before
{Heap before GC invocations=3 (full 0):
 PSYoungGen      total 141824K, used 49807K [0x000000076ab00000, 0x0000000774000000, 0x00000007c0000000)
  eden space 131072K, 30% used [0x000000076ab00000,0x000000076d1c7d20,0x0000000772b00000)
  from space 10752K, 93% used [0x0000000773580000,0x0000000773f5bf78,0x0000000774000000)
  to   space 10752K, 0% used [0x0000000772b00000,0x0000000772b00000,0x0000000773580000)
 ParOldGen       total 175104K, used 24K [0x00000006c0000000, 0x00000006cab00000, 0x000000076ab00000)
  object space 175104K, 0% used [0x00000006c0000000,0x00000006c0006000,0x00000006cab00000)
 Metaspace       used 20750K, capacity 21120K, committed 21296K, reserved 1069056K
  class space    used 2558K, capacity 2676K, committed 2688K, reserved 1048576K
Event: 1.943 GC heap after
Heap after GC invocations=3 (full 0):
 PSYoungGen      total 141824K, used 10008K [0x000000076ab00000, 0x000000077c000000, 0x00000007c0000000)
  eden space 131072K, 0% used [0x000000076ab00000,0x000000076ab00000,0x0000000772b00000)
  from space 10752K, 93% used [0x0000000772b00000,0x00000007734c6390,0x0000000773580000)
  to   space 10752K, 0% used [0x000000077b580000,0x000000077b580000,0x000000077c000000)
 ParOldGen       total 175104K, used 32K [0x00000006c0000000, 0x00000006cab00000, 0x000000076ab00000)
  object space 175104K, 0% used [0x00000006c0000000,0x00000006c0008000,0x00000006cab00000)
 Metaspace       used 20750K, capacity 21120K, committed 21296K, reserved 1069056K
  class space    used 2558K, capacity 2676K, committed 2688K, reserved 1048576K
}
Event: 1.943 GC heap before
{Heap before GC invocations=4 (full 1):
 PSYoungGen      total 141824K, used 10008K [0x000000076ab00000, 0x000000077c000000, 0x00000007c0000000)
  eden space 131072K, 0% used [0x000000076ab00000,0x000000076ab00000,0x0000000772b00000)
  from space 10752K, 93% used [0x0000000772b00000,0x00000007734c6390,0x0000000773580000)
  to   space 10752K, 0% used [0x000000077b580000,0x000000077b580000,0x000000077c000000)
 ParOldGen       total 175104K, used 32K [0x00000006c0000000, 0x00000006cab00000, 0x000000076ab00000)
  object space 175104K, 0% used [0x00000006c0000000,0x00000006c0008000,0x00000006cab00000)
 Metaspace       used 20750K, capacity 21120K, committed 21296K, reserved 1069056K
  class space    used 2558K, capacity 2676K, committed 2688K, reserved 1048576K
Event: 1.980 GC heap after
Heap after GC invocations=4 (full 1):
 PSYoungGen      total 141824K, used 0K [0x000000076ab00000, 0x000000077c000000, 0x00000007c0000000)
  eden space 131072K, 0% used [0x000000076ab00000,0x000000076ab00000,0x0000000772b00000)
  from space 10752K, 0% used [0x0000000772b00000,0x0000000772b00000,0x0000000773580000)
  to   space 10752K, 0% used [0x000000077b580000,0x000000077b580000,0x000000077c000000)
 ParOldGen       total 108032K, used 9886K [0x00000006c0000000, 0x00000006c6980000, 0x000000076ab00000)
  object space 108032K, 9% used [0x00000006c0000000,0x00000006c09a78c8,0x00000006c6980000)
 Metaspace       used 20750K, capacity 21120K, committed 21296K, reserved 1069056K
  class space    used 2558K, capacity 2676K, committed 2688K, reserved 1048576K
}
Event: 2.893 GC heap before
{Heap before GC invocations=5 (full 1):
 PSYoungGen      total 141824K, used 131072K [0x000000076ab00000, 0x000000077c000000, 0x00000007c0000000)
  eden space 131072K, 100% used [0x000000076ab00000,0x0000000772b00000,0x0000000772b00000)
  from space 10752K, 0% used [0x0000000772b00000,0x0000000772b00000,0x0000000773580000)
  to   space 10752K, 0% used [0x000000077b580000,0x000000077b580000,0x000000077c000000)
 ParOldGen       total 108032K, used 9886K [0x00000006c0000000, 0x00000006c6980000, 0x000000076ab00000)
  object space 108032K, 9% used [0x00000006c0000000,0x00000006c09a78c8,0x00000006c6980000)
 Metaspace       used 26054K, capacity 26684K, committed 26752K, reserved 1073152K
  class space    used 3150K, capacity 3417K, committed 3456K, reserved 1048576K
Event: 2.905 GC heap after
Heap after GC invocations=5 (full 1):
 PSYoungGen      total 205824K, used 10721K [0x000000076ab00000, 0x000000077c000000, 0x00000007c0000000)
  eden space 195072K, 0% used [0x000000076ab00000,0x000000076ab00000,0x0000000776980000)
  from space 10752K, 99% used [0x000000077b580000,0x000000077bff85a0,0x000000077c000000)
  to   space 10752K, 0% used [0x000000077ab00000,0x000000077ab00000,0x000000077b580000)
 ParOldGen       total 108032K, used 13502K [0x00000006c0000000, 0x00000006c6980000, 0x000000076ab00000)
  object space 108032K, 12% used [0x00000006c0000000,0x00000006c0d2fb28,0x00000006c6980000)
 Metaspace       used 26054K, capacity 26684K, committed 26752K, reserved 1073152K
  class space    used 3150K, capacity 3417K, committed 3456K, reserved 1048576K
}
Event: 3.603 GC heap before
{Heap before GC invocations=6 (full 1):
 PSYoungGen      total 205824K, used 184534K [0x000000076ab00000, 0x000000077c000000, 0x00000007c0000000)
  eden space 195072K, 89% used [0x000000076ab00000,0x00000007754bd550,0x0000000776980000)
  from space 10752K, 99% used [0x000000077b580000,0x000000077bff85a0,0x000000077c000000)
  to   space 10752K, 0% used [0x000000077ab00000,0x000000077ab00000,0x000000077b580000)
 ParOldGen       total 108032K, used 13502K [0x00000006c0000000, 0x00000006c6980000, 0x000000076ab00000)
  object space 108032K, 12% used [0x00000006c0000000,0x00000006c0d2fb28,0x00000006c6980000)
 Metaspace       used 34686K, capacity 35316K, committed 35496K, reserved 1079296K
  class space    used 4458K, capacity 4737K, committed 4864K, reserved 1048576K
Event: 3.626 GC heap after
Heap after GC invocations=6 (full 1):
 PSYoungGen      total 272896K, used 10741K [0x000000076ab00000, 0x0000000780400000, 0x00000007c0000000)
  eden space 262144K, 0% used [0x000000076ab00000,0x000000076ab00000,0x000000077ab00000)
  from space 10752K, 99% used [0x000000077ab00000,0x000000077b57d5a0,0x000000077b580000)
  to   space 27648K, 0% used [0x000000077e900000,0x000000077e900000,0x0000000780400000)
 ParOldGen       total 108032K, used 34674K [0x00000006c0000000, 0x00000006c6980000, 0x000000076ab00000)
  object space 108032K, 32% used [0x00000006c0000000,0x00000006c21dcad0,0x00000006c6980000)
 Metaspace       used 34686K, capacity 35316K, committed 35496K, reserved 1079296K
  class space    used 4458K, capacity 4737K, committed 4864K, reserved 1048576K
}
Event: 3.626 GC heap before
{Heap before GC invocations=7 (full 2):
 PSYoungGen      total 272896K, used 10741K [0x000000076ab00000, 0x0000000780400000, 0x00000007c0000000)
  eden space 262144K, 0% used [0x000000076ab00000,0x000000076ab00000,0x000000077ab00000)
  from space 10752K, 99% used [0x000000077ab00000,0x000000077b57d5a0,0x000000077b580000)
  to   space 27648K, 0% used [0x000000077e900000,0x000000077e900000,0x0000000780400000)
 ParOldGen       total 108032K, used 34674K [0x00000006c0000000, 0x00000006c6980000, 0x000000076ab00000)
  object space 108032K, 32% used [0x00000006c0000000,0x00000006c21dcad0,0x00000006c6980000)
 Metaspace       used 34686K, capacity 35316K, committed 35496K, reserved 1079296K
  class space    used 4458K, capacity 4737K, committed 4864K, reserved 1048576K
Event: 3.719 GC heap after
Heap after GC invocations=7 (full 2):
 PSYoungGen      total 272896K, used 0K [0x000000076ab00000, 0x0000000780400000, 0x00000007c0000000)
  eden space 262144K, 0% used [0x000000076ab00000,0x000000076ab00000,0x000000077ab00000)
  from space 10752K, 0% used [0x000000077ab00000,0x000000077ab00000,0x000000077b580000)
  to   space 27648K, 0% used [0x000000077e900000,0x000000077e900000,0x0000000780400000)
 ParOldGen       total 217088K, used 40701K [0x00000006c0000000, 0x00000006cd400000, 0x000000076ab00000)
  object space 217088K, 18% used [0x00000006c0000000,0x00000006c27bf668,0x00000006cd400000)
 Metaspace       used 34686K, capacity 35316K, committed 35496K, reserved 1079296K
  class space    used 4458K, capacity 4737K, committed 4864K, reserved 1048576K
}

Deoptimization events (10 events):
Event: 4.442 Thread 0x00007f9c06315000 Uncommon trap: reason=unstable_if action=reinterpret pc=0x000000010f5146ac method=java.io.ByteArrayInputStream.read()I @ 8
Event: 4.446 Thread 0x00007f9c06315000 Uncommon trap: reason=unstable_if action=reinterpret pc=0x000000010f41a310 method=java.lang.StringCoding$StringEncoder.encode([CII)[B @ 20
Event: 4.465 Thread 0x00007f9c06315000 Uncommon trap: reason=null_check action=make_not_entrant pc=0x000000010f509124 method=java.net.URL.getURLStreamHandler(Ljava/lang/String;)Ljava/net/URLStreamHandler; @ 7
Event: 4.465 Thread 0x00007f9c06315000 Uncommon trap: reason=unstable_if action=reinterpret pc=0x000000010f4622b8 method=java.net.URLStreamHandler.parseURL(Ljava/net/URL;Ljava/lang/String;II)V @ 155
Event: 4.469 Thread 0x00007f9c06315000 Uncommon trap: reason=class_check action=maybe_recompile pc=0x000000010f4a6acc method=java.util.jar.JarFile.getJarEntry(Ljava/lang/String;)Ljava/util/jar/JarEntry; @ 2
Event: 4.482 Thread 0x00007f9c06315000 Uncommon trap: reason=unstable_if action=reinterpret pc=0x000000010ed9a7ec method=java.net.URI.match(CJJ)Z @ 45
Event: 4.531 Thread 0x00007f9c06315000 Uncommon trap: reason=unstable_if action=reinterpret pc=0x000000010f5bd85c method=java.io.ByteArrayInputStream.read([BII)I @ 63
Event: 4.550 Thread 0x00007f9c06315000 Uncommon trap: reason=unstable_if action=reinterpret pc=0x000000010f5e5828 method=java.util.Arrays.equals([B[B)Z @ 2
Event: 4.678 Thread 0x00007f9c06315000 Uncommon trap: reason=unstable_if action=reinterpret pc=0x000000010eda9cac method=java.lang.ClassLoader.checkName(Ljava/lang/String;)Z @ 20
Event: 4.678 Thread 0x00007f9c06315000 Uncommon trap: reason=unstable_if action=reinterpret pc=0x000000010ec185dc method=java.lang.ClassLoader.checkName(Ljava/lang/String;)Z @ 20

Classes redefined (0 events):
No events

Internal exceptions (10 events):
Event: 4.686 Thread 0x00007f9c06315000 Exception <a 'java/lang/NoClassDefFoundError': javafx.scene.control.IndexedCell> (0x000000076f732668) thrown at [/Users/java_re/workspace/8-2-build-macosx-x86_64/jdk8u181/11358/hotspot/src/share/vm/oops/instanceKlass.cpp, line 627]
Event: 4.691 Thread 0x00007f9c06315000 Exception <a 'java/lang/NoClassDefFoundError': javafx.scene.control.Control> (0x000000076f7525f0) thrown at [/Users/java_re/workspace/8-2-build-macosx-x86_64/jdk8u181/11358/hotspot/src/share/vm/oops/instanceKlass.cpp, line 627]
Event: 4.695 Thread 0x00007f9c06315000 Exception <a 'java/lang/NoClassDefFoundError': com/fasterxml/aalto/AsyncXMLInputFactory> (0x000000076f76c428) thrown at [/Users/java_re/workspace/8-2-build-macosx-x86_64/jdk8u181/11358/hotspot/src/share/vm/classfile/systemDictionary.cpp, line 199]
Event: 4.704 Thread 0x00007f9c06315000 Exception <a 'java/lang/NoClassDefFoundError': Could not initialize class javafx.scene.control.Control> (0x000000076fcc50c8) thrown at [/Users/java_re/workspace/8-2-build-macosx-x86_64/jdk8u181/11358/hotspot/src/share/vm/oops/instanceKlass.cpp, line 879]
Event: 4.704 Thread 0x00007f9c06315000 Exception <a 'java/lang/NoClassDefFoundError'> (0x000000076fcc50c8) thrown at [/Users/java_re/workspace/8-2-build-macosx-x86_64/jdk8u181/11358/hotspot/src/share/vm/oops/instanceKlass.cpp, line 959]
Event: 4.712 Thread 0x00007f9c06315000 Exception <a 'java/lang/NoClassDefFoundError': com/barchart/udt/nio/SocketChannelUDT> (0x000000076fce4738) thrown at [/Users/java_re/workspace/8-2-build-macosx-x86_64/jdk8u181/11358/hotspot/src/share/vm/classfile/systemDictionary.cpp, line 199]
Event: 4.717 Thread 0x00007f9c06315000 Exception <a 'java/lang/NoClassDefFoundError': Could not initialize class javafx.scene.control.Cell> (0x000000076fcf21e0) thrown at [/Users/java_re/workspace/8-2-build-macosx-x86_64/jdk8u181/11358/hotspot/src/share/vm/oops/instanceKlass.cpp, line 879]
Event: 4.718 Thread 0x00007f9c06315000 Exception <a 'java/lang/NoClassDefFoundError': Could not initialize class javafx.scene.control.cell.DefaultTreeCell> (0x000000076fcf8d68) thrown at [/Users/java_re/workspace/8-2-build-macosx-x86_64/jdk8u181/11358/hotspot/src/share/vm/oops/instanceKlass.cp
Event: 4.719 Thread 0x00007f9c06315000 Exception <a 'java/lang/NoClassDefFoundError': Could not initialize class io.netty.channel.kqueue.Native> (0x000000076fcfb1d8) thrown at [/Users/java_re/workspace/8-2-build-macosx-x86_64/jdk8u181/11358/hotspot/src/share/vm/oops/instanceKlass.cpp, line 879
Event: 4.719 Thread 0x00007f9c06315000 Exception <a 'java/lang/UnsatisfiedLinkError'> (0x000000076fcfb3e0) thrown at [/Users/java_re/workspace/8-2-build-macosx-x86_64/jdk8u181/11358/hotspot/src/share/vm/oops/instanceKlass.cpp, line 959]

Events (10 events):
Event: 4.717 loading class com/sun/javafx/stage/StagePeerListener
Event: 4.717 loading class com/sun/javafx/stage/StagePeerListener done
Event: 4.718 loading class com/sun/javafx/stage/StageHelper
Event: 4.718 loading class com/sun/javafx/stage/StageHelper done
Event: 4.721 loading class java/lang/ClassFormatError
Event: 4.721 loading class java/lang/ClassFormatError done
Event: 4.721 loading class java/lang/AssertionStatusDirectives
Event: 4.721 loading class java/lang/AssertionStatusDirectives done
Event: 4.724 loading class io/netty/handler/codec/socksx/v5/Socks5InitialResponseDecoder$State
Event: 4.724 loading class io/netty/handler/codec/socksx/v5/Socks5InitialResponseDecoder$State done


Dynamic libraries:
0x00007fffc8660000 	/System/Library/Frameworks/Cocoa.framework/Versions/A/Cocoa
0x00007fffcef05000 	/System/Library/Frameworks/Security.framework/Versions/A/Security
0x00007fffc7519000 	/System/Library/Frameworks/ApplicationServices.framework/Versions/A/ApplicationServices
0x00007fffde323000 	/usr/lib/libz.1.dylib
0x00007fffdce76000 	/usr/lib/libSystem.B.dylib
0x00007fffddb24000 	/usr/lib/libobjc.A.dylib
0x00007fffc8bf6000 	/System/Library/Frameworks/CoreFoundation.framework/Versions/A/CoreFoundation
0x00007fffca66e000 	/System/Library/Frameworks/Foundation.framework/Versions/C/Foundation
0x00007fffc672e000 	/System/Library/Frameworks/AppKit.framework/Versions/C/AppKit
0x00007fffc884c000 	/System/Library/Frameworks/CoreData.framework/Versions/A/CoreData
0x00007fffd98f8000 	/System/Library/PrivateFrameworks/RemoteViewServices.framework/Versions/A/RemoteViewServices
0x00007fffdb8e6000 	/System/Library/PrivateFrameworks/UIFoundation.framework/Versions/A/UIFoundation
0x00007fffd4c94000 	/System/Library/PrivateFrameworks/DFRFoundation.framework/Versions/A/DFRFoundation
0x00007fffdd467000 	/usr/lib/libenergytrace.dylib
0x00007fffda725000 	/System/Library/PrivateFrameworks/SkyLight.framework/Versions/A/SkyLight
0x00007fffc9090000 	/System/Library/Frameworks/CoreGraphics.framework/Versions/A/CoreGraphics
0x00007fffdce71000 	/usr/lib/libScreenReader.dylib
0x00007fffc5750000 	/System/Library/Frameworks/Accelerate.framework/Versions/A/Accelerate
0x00007fffcac6c000 	/System/Library/Frameworks/IOSurface.framework/Versions/A/IOSurface
0x00007fffc7a3c000 	/System/Library/Frameworks/AudioToolbox.framework/Versions/A/AudioToolbox
0x00007fffc7c49000 	/System/Library/Frameworks/AudioUnit.framework/Versions/A/AudioUnit
0x00007fffd4cd9000 	/System/Library/PrivateFrameworks/DataDetectorsCore.framework/Versions/A/DataDetectorsCore
0x00007fffd4dca000 	/System/Library/PrivateFrameworks/DesktopServicesPriv.framework/Versions/A/DesktopServicesPriv
0x00007fffc81ad000 	/System/Library/Frameworks/Carbon.framework/Versions/A/Frameworks/HIToolbox.framework/Versions/A/HIToolbox
0x00007fffdd570000 	/usr/lib/libicucore.A.dylib
0x00007fffce79b000 	/System/Library/Frameworks/QuartzCore.framework/Versions/A/QuartzCore
0x00007fffc8579000 	/System/Library/Frameworks/Carbon.framework/Versions/A/Frameworks/SpeechRecognition.framework/Versions/A/SpeechRecognition
0x00007fffdcf8f000 	/usr/lib/libauto.dylib
0x00007fffde209000 	/usr/lib/libxml2.2.dylib
0x00007fffd494e000 	/System/Library/PrivateFrameworks/CoreUI.framework/Versions/A/CoreUI
0x00007fffc87aa000 	/System/Library/Frameworks/CoreAudio.framework/Versions/A/CoreAudio
0x00007fffca4d7000 	/System/Library/Frameworks/DiskArbitration.framework/Versions/A/DiskArbitration
0x00007fffdd79b000 	/usr/lib/liblangid.dylib
0x00007fffd87df000 	/System/Library/PrivateFrameworks/MultitouchSupport.framework/Versions/A/MultitouchSupport
0x00007fffcabd5000 	/System/Library/Frameworks/IOKit.framework/Versions/A/IOKit
0x00007fffdcc37000 	/usr/lib/libDiagnosticMessagesClient.dylib
0x00007fffc9abb000 	/System/Library/Frameworks/CoreServices.framework/Versions/A/CoreServices
0x00007fffd919c000 	/System/Library/PrivateFrameworks/PerformanceAnalysis.framework/Versions/A/PerformanceAnalysis
0x00007fffd6c1c000 	/System/Library/PrivateFrameworks/GenerationalStorage.framework/Versions/A/GenerationalStorage
0x00007fffcdc3b000 	/System/Library/Frameworks/OpenGL.framework/Versions/A/OpenGL
0x00007fffc9713000 	/System/Library/Frameworks/CoreImage.framework/Versions/A/CoreImage
0x00007fffca1e4000 	/System/Library/Frameworks/CoreText.framework/Versions/A/CoreText
0x00007fffcacc5000 	/System/Library/Frameworks/ImageIO.framework/Versions/A/ImageIO
0x00007fffd250b000 	/System/Library/PrivateFrameworks/Backup.framework/Versions/A/Backup
0x00007fffdcee3000 	/usr/lib/libarchive.2.dylib
0x00007fffc7db2000 	/System/Library/Frameworks/CFNetwork.framework/Versions/A/CFNetwork
0x00007fffcf632000 	/System/Library/Frameworks/SystemConfiguration.framework/Versions/A/SystemConfiguration
0x00007fffdcb7e000 	/usr/lib/libCRFSuite.dylib
0x00007fffdcfb0000 	/usr/lib/libc++.1.dylib
0x00007fffdd007000 	/usr/lib/libc++abi.dylib
0x00007fffde343000 	/usr/lib/system/libcache.dylib
0x00007fffde348000 	/usr/lib/system/libcommonCrypto.dylib
0x00007fffde353000 	/usr/lib/system/libcompiler_rt.dylib
0x00007fffde35b000 	/usr/lib/system/libcopyfile.dylib
0x00007fffde364000 	/usr/lib/system/libcorecrypto.dylib
0x00007fffde3e8000 	/usr/lib/system/libdispatch.dylib
0x00007fffde41a000 	/usr/lib/system/libdyld.dylib
0x00007fffde420000 	/usr/lib/system/libkeymgr.dylib
0x00007fffde42e000 	/usr/lib/system/liblaunch.dylib
0x00007fffde42f000 	/usr/lib/system/libmacho.dylib
0x00007fffde435000 	/usr/lib/system/libquarantine.dylib
0x00007fffde438000 	/usr/lib/system/libremovefile.dylib
0x00007fffde43a000 	/usr/lib/system/libsystem_asl.dylib
0x00007fffde453000 	/usr/lib/system/libsystem_blocks.dylib
0x00007fffde454000 	/usr/lib/system/libsystem_c.dylib
0x00007fffde4e2000 	/usr/lib/system/libsystem_configuration.dylib
0x00007fffde4e6000 	/usr/lib/system/libsystem_coreservices.dylib
0x00007fffde4ea000 	/usr/lib/system/libsystem_coretls.dylib
0x00007fffde503000 	/usr/lib/system/libsystem_dnssd.dylib
0x00007fffde50a000 	/usr/lib/system/libsystem_info.dylib
0x00007fffde534000 	/usr/lib/system/libsystem_kernel.dylib
0x00007fffde557000 	/usr/lib/system/libsystem_m.dylib
0x00007fffde59f000 	/usr/lib/system/libsystem_malloc.dylib
0x00007fffde5be000 	/usr/lib/system/libsystem_network.dylib
0x00007fffde618000 	/usr/lib/system/libsystem_networkextension.dylib
0x00007fffde622000 	/usr/lib/system/libsystem_notify.dylib
0x00007fffde62c000 	/usr/lib/system/libsystem_platform.dylib
0x00007fffde635000 	/usr/lib/system/libsystem_pthread.dylib
0x00007fffde640000 	/usr/lib/system/libsystem_sandbox.dylib
0x00007fffde644000 	/usr/lib/system/libsystem_secinit.dylib
0x00007fffde646000 	/usr/lib/system/libsystem_symptoms.dylib
0x00007fffde64e000 	/usr/lib/system/libsystem_trace.dylib
0x00007fffde662000 	/usr/lib/system/libunwind.dylib
0x00007fffde668000 	/usr/lib/system/libxpc.dylib
0x00007fffdcf90000 	/usr/lib/libbsm.0.dylib
0x00007fffde421000 	/usr/lib/system/libkxld.dylib
0x00007fffdd059000 	/usr/lib/libcoretls.dylib
0x00007fffdd05a000 	/usr/lib/libcoretls_cfhelpers.dylib
0x00007fffdce70000 	/usr/lib/libOpenScriptingUtil.dylib
0x00007fffddef9000 	/usr/lib/libpam.2.dylib
0x00007fffddfb8000 	/usr/lib/libsqlite3.dylib
0x00007fffde1fb000 	/usr/lib/libxar.1.dylib
0x00007fffdcfa1000 	/usr/lib/libbz2.1.0.dylib
0x00007fffdd79d000 	/usr/lib/liblzma.5.dylib
0x00007fffddaa9000 	/usr/lib/libnetwork.dylib
0x00007fffddefe000 	/usr/lib/libpcap.A.dylib
0x00007fffc9e1e000 	/System/Library/Frameworks/CoreServices.framework/Versions/A/Frameworks/FSEvents.framework/Versions/A/FSEvents
0x00007fffc9b0e000 	/System/Library/Frameworks/CoreServices.framework/Versions/A/Frameworks/CarbonCore.framework/Versions/A/CarbonCore
0x00007fffc9f94000 	/System/Library/Frameworks/CoreServices.framework/Versions/A/Frameworks/Metadata.framework/Versions/A/Metadata
0x00007fffca045000 	/System/Library/Frameworks/CoreServices.framework/Versions/A/Frameworks/OSServices.framework/Versions/A/OSServices
0x00007fffca0a5000 	/System/Library/Frameworks/CoreServices.framework/Versions/A/Frameworks/SearchKit.framework/Versions/A/SearchKit
0x00007fffc9abc000 	/System/Library/Frameworks/CoreServices.framework/Versions/A/Frameworks/AE.framework/Versions/A/AE
0x00007fffc9e27000 	/System/Library/Frameworks/CoreServices.framework/Versions/A/Frameworks/LaunchServices.framework/Versions/A/LaunchServices
0x00007fffc9dea000 	/System/Library/Frameworks/CoreServices.framework/Versions/A/Frameworks/DictionaryServices.framework/Versions/A/DictionaryServices
0x00007fffca116000 	/System/Library/Frameworks/CoreServices.framework/Versions/A/Frameworks/SharedFileList.framework/Versions/A/SharedFileList
0x00007fffcce5f000 	/System/Library/Frameworks/NetFS.framework/Versions/A/NetFS
0x00007fffd88b9000 	/System/Library/PrivateFrameworks/NetAuth.framework/Versions/A/NetAuth
0x00007fffdcb27000 	/System/Library/PrivateFrameworks/login.framework/Versions/A/Frameworks/loginsupport.framework/Versions/A/loginsupport
0x00007fffdb718000 	/System/Library/PrivateFrameworks/TCC.framework/Versions/A/TCC
0x00007fffdd7ce000 	/usr/lib/libmecabra.dylib
0x00007fffc751a000 	/System/Library/Frameworks/ApplicationServices.framework/Versions/A/Frameworks/ATS.framework/Versions/A/ATS
0x00007fffc7899000 	/System/Library/Frameworks/ApplicationServices.framework/Versions/A/Frameworks/ColorSync.framework/Versions/A/ColorSync
0x00007fffc7944000 	/System/Library/Frameworks/ApplicationServices.framework/Versions/A/Frameworks/HIServices.framework/Versions/A/HIServices
0x00007fffc7996000 	/System/Library/Frameworks/ApplicationServices.framework/Versions/A/Frameworks/LangAnalysis.framework/Versions/A/LangAnalysis
0x00007fffc79a6000 	/System/Library/Frameworks/ApplicationServices.framework/Versions/A/Frameworks/PrintCore.framework/Versions/A/PrintCore
0x00007fffc79f4000 	/System/Library/Frameworks/ApplicationServices.framework/Versions/A/Frameworks/QD.framework/Versions/A/QD
0x00007fffc7a30000 	/System/Library/Frameworks/ApplicationServices.framework/Versions/A/Frameworks/SpeechSynthesis.framework/Versions/A/SpeechSynthesis
0x00007fffc5769000 	/System/Library/Frameworks/Accelerate.framework/Versions/A/Frameworks/vImage.framework/Versions/A/vImage
0x00007fffc646f000 	/System/Library/Frameworks/Accelerate.framework/Versions/A/Frameworks/vecLib.framework/Versions/A/vecLib
0x00007fffc6234000 	/System/Library/Frameworks/Accelerate.framework/Versions/A/Frameworks/vecLib.framework/Versions/A/libvDSP.dylib
0x00007fffc5df5000 	/System/Library/Frameworks/Accelerate.framework/Versions/A/Frameworks/vecLib.framework/Versions/A/libBNNS.dylib
0x00007fffc6218000 	/System/Library/Frameworks/Accelerate.framework/Versions/A/Frameworks/vecLib.framework/Versions/A/libQuadrature.dylib
0x00007fffc63bc000 	/System/Library/Frameworks/Accelerate.framework/Versions/A/Frameworks/vecLib.framework/Versions/A/libvMisc.dylib
0x00007fffc5e0a000 	/System/Library/Frameworks/Accelerate.framework/Versions/A/Frameworks/vecLib.framework/Versions/A/libLAPACK.dylib
0x00007fffc5c83000 	/System/Library/Frameworks/Accelerate.framework/Versions/A/Frameworks/vecLib.framework/Versions/A/libBLAS.dylib
0x00007fffc6201000 	/System/Library/Frameworks/Accelerate.framework/Versions/A/Frameworks/vecLib.framework/Versions/A/libLinearAlgebra.dylib
0x00007fffc621f000 	/System/Library/Frameworks/Accelerate.framework/Versions/A/Frameworks/vecLib.framework/Versions/A/libSparseBLAS.dylib
0x00007fffc7622000 	/System/Library/Frameworks/ApplicationServices.framework/Versions/A/Frameworks/ATS.framework/Versions/A/Resources/libFontParser.dylib
0x00007fffc7752000 	/System/Library/Frameworks/ApplicationServices.framework/Versions/A/Frameworks/ATS.framework/Versions/A/Resources/libFontRegistry.dylib
0x00007fffcaf1c000 	/System/Library/Frameworks/ImageIO.framework/Versions/A/Resources/libJPEG.dylib
0x00007fffcaf6b000 	/System/Library/Frameworks/ImageIO.framework/Versions/A/Resources/libTIFF.dylib
0x00007fffcaf40000 	/System/Library/Frameworks/ImageIO.framework/Versions/A/Resources/libPng.dylib
0x00007fffcae26000 	/System/Library/Frameworks/ImageIO.framework/Versions/A/Resources/libGIF.dylib
0x00007fffcae2b000 	/System/Library/Frameworks/ImageIO.framework/Versions/A/Resources/libJP2.dylib
0x00007fffcaf68000 	/System/Library/Frameworks/ImageIO.framework/Versions/A/Resources/libRadiance.dylib
0x00007fffdd042000 	/usr/lib/libcompression.dylib
0x00007fffd204d000 	/System/Library/PrivateFrameworks/AppleJPEG.framework/Versions/A/AppleJPEG
0x00007fffdd397000 	/usr/lib/libcups.2.dylib
0x00007fffcbd22000 	/System/Library/Frameworks/Kerberos.framework/Versions/A/Kerberos
0x00007fffcaa40000 	/System/Library/Frameworks/GSS.framework/Versions/A/GSS
0x00007fffddf4c000 	/usr/lib/libresolv.9.dylib
0x00007fffdd47d000 	/usr/lib/libiconv.2.dylib
0x00007fffd7349000 	/System/Library/PrivateFrameworks/Heimdal.framework/Versions/A/Heimdal
0x00007fffdd477000 	/usr/lib/libheimdal-asn1.dylib
0x00007fffcd0b0000 	/System/Library/Frameworks/OpenDirectory.framework/Versions/A/OpenDirectory
0x00007fffd3b60000 	/System/Library/PrivateFrameworks/CommonAuth.framework/Versions/A/CommonAuth
0x00007fffcd096000 	/System/Library/Frameworks/OpenDirectory.framework/Versions/A/Frameworks/CFOpenDirectory.framework/Versions/A/CFOpenDirectory
0x00007fffcf208000 	/System/Library/Frameworks/SecurityFoundation.framework/Versions/A/SecurityFoundation
0x00007fffd7b01000 	/System/Library/PrivateFrameworks/LanguageModeling.framework/Versions/A/LanguageModeling
0x00007fffdd7b7000 	/usr/lib/libmarisa.dylib
0x00007fffdcb9a000 	/usr/lib/libChineseTokenizer.dylib
0x00007fffdd031000 	/usr/lib/libcmph.dylib
0x00007fffd42b2000 	/System/Library/PrivateFrameworks/CoreEmoji.framework/Versions/A/CoreEmoji
0x00007fffcf2a8000 	/System/Library/Frameworks/ServiceManagement.framework/Versions/A/ServiceManagement
0x00007fffde2f9000 	/usr/lib/libxslt.1.dylib
0x00007fffc84c1000 	/System/Library/Frameworks/Carbon.framework/Versions/A/Frameworks/Ink.framework/Versions/A/Ink
0x00007fffdb7aa000 	/System/Library/PrivateFrameworks/TextureIO.framework/Versions/A/TextureIO
0x00007fffcc51b000 	/System/Library/Frameworks/Metal.framework/Versions/A/Metal
0x00007fffdcf0f000 	/usr/lib/libate.dylib
0x00007fffd694b000 	/System/Library/PrivateFrameworks/GPUCompiler.framework/libmetal_timestamp.dylib
0x00007fffcd0bf000 	/System/Library/Frameworks/OpenGL.framework/Versions/A/Libraries/libCoreFSCache.dylib
0x00007fffd79da000 	/System/Library/PrivateFrameworks/IOAccelerator.framework/Versions/A/IOAccelerator
0x00007fffca332000 	/System/Library/Frameworks/CoreVideo.framework/Versions/A/CoreVideo
0x00007fffdcc39000 	/usr/lib/libFosl_dynamic.dylib
0x00007fffd85d9000 	/System/Library/PrivateFrameworks/MetalPerformanceShaders.framework/Versions/A/MetalPerformanceShaders
0x00007fffd51c3000 	/System/Library/PrivateFrameworks/FaceCore.framework/Versions/A/FaceCore
0x00007fffcd047000 	/System/Library/Frameworks/OpenCL.framework/Versions/A/OpenCL
0x00007fffcd292000 	/System/Library/Frameworks/OpenGL.framework/Versions/A/Libraries/libGLU.dylib
0x00007fffcd0c8000 	/System/Library/Frameworks/OpenGL.framework/Versions/A/Libraries/libGFXShared.dylib
0x00007fffcd0d2000 	/System/Library/Frameworks/OpenGL.framework/Versions/A/Libraries/libGL.dylib
0x00007fffcd0de000 	/System/Library/Frameworks/OpenGL.framework/Versions/A/Libraries/libGLImage.dylib
0x00007fffcd0bc000 	/System/Library/Frameworks/OpenGL.framework/Versions/A/Libraries/libCVMSPluginSupport.dylib
0x00007fffcd0c3000 	/System/Library/Frameworks/OpenGL.framework/Versions/A/Libraries/libCoreVMClient.dylib
0x00007fffd4c14000 	/System/Library/PrivateFrameworks/CrashReporterSupport.framework/Versions/A/CrashReporterSupport
0x00007fffda677000 	/System/Library/PrivateFrameworks/Sharing.framework/Versions/A/Sharing
0x00007fffd79f8000 	/System/Library/PrivateFrameworks/IconServices.framework/Versions/A/IconServices
0x00007fffd98c5000 	/System/Library/PrivateFrameworks/ProtocolBuffer.framework/Versions/A/ProtocolBuffer
0x00007fffd1f22000 	/System/Library/PrivateFrameworks/Apple80211.framework/Versions/A/Apple80211
0x00007fffca368000 	/System/Library/Frameworks/CoreWLAN.framework/Versions/A/CoreWLAN
0x00007fffd4a8e000 	/System/Library/PrivateFrameworks/CoreUtils.framework/Versions/A/CoreUtils
0x00007fffcab31000 	/System/Library/Frameworks/IOBluetooth.framework/Versions/A/IOBluetooth
0x00007fffd4bae000 	/System/Library/PrivateFrameworks/CoreWiFi.framework/Versions/A/CoreWiFi
0x00007fffc8838000 	/System/Library/Frameworks/CoreBluetooth.framework/Versions/A/CoreBluetooth
0x00007fffc8b48000 	/System/Library/Frameworks/CoreDisplay.framework/Versions/A/CoreDisplay
0x00007fffd79e3000 	/System/Library/PrivateFrameworks/IOPresentment.framework/Versions/A/IOPresentment
0x00007fffd4c9f000 	/System/Library/PrivateFrameworks/DSExternalDisplay.framework/Versions/A/DSExternalDisplay
0x00007fffd4d8a000 	/System/Library/PrivateFrameworks/DebugSymbols.framework/Versions/A/DebugSymbols
0x00007fffd48be000 	/System/Library/PrivateFrameworks/CoreSymbolication.framework/Versions/A/CoreSymbolication
0x00007fffdb265000 	/System/Library/PrivateFrameworks/Symbolication.framework/Versions/A/Symbolication
0x00007fffd1f45000 	/System/Library/PrivateFrameworks/AppleFSCompression.framework/Versions/A/AppleFSCompression
0x00007fffdab6d000 	/System/Library/PrivateFrameworks/SpeechRecognitionCore.framework/Versions/A/SpeechRecognitionCore
0x00007fffd3214000 	/System/Library/PrivateFrameworks/ChunkingLibrary.framework/Versions/A/ChunkingLibrary
0x0000000105c00000 	/Library/Java/JavaVirtualMachines/jdk1.8.0_181.jdk/Contents/Home/jre/lib/server/libjvm.dylib
0x00007fffde162000 	/usr/lib/libstdc++.6.dylib
0x0000000105326000 	/Library/Java/JavaVirtualMachines/jdk1.8.0_181.jdk/Contents/Home/jre/lib/libverify.dylib
0x0000000105334000 	/Library/Java/JavaVirtualMachines/jdk1.8.0_181.jdk/Contents/Home/jre/lib/libjava.dylib
0x0000000105374000 	/Library/Java/JavaVirtualMachines/jdk1.8.0_181.jdk/Contents/Home/jre/lib/libzip.dylib
0x000000010b91d000 	/Users/kaung/.sdkman/candidates/maven/3.5.4/lib/jansi-native/osx/libjansi.jnilib
0x000000010ba24000 	/Library/Java/JavaVirtualMachines/jdk1.8.0_181.jdk/Contents/Home/jre/lib/libnet.dylib
0x000000010ba3b000 	/Library/Java/JavaVirtualMachines/jdk1.8.0_181.jdk/Contents/Home/jre/lib/libnio.dylib
0x000000010ba58000 	/Library/Java/JavaVirtualMachines/jdk1.8.0_181.jdk/Contents/Home/jre/lib/libprism_es2.dylib
0x0000000125af3000 	/System/Library/Frameworks/OpenGL.framework/Resources/GLEngine.bundle/GLEngine
0x00007fffcd11b000 	/System/Library/Frameworks/OpenGL.framework/Versions/A/Libraries/libGLProgrammability.dylib
0x0000000126905000 	/System/Library/Extensions/AppleIntelKBLGraphicsGLDriver.bundle/Contents/MacOS/AppleIntelKBLGraphicsGLDriver
0x00007fffd6958000 	/System/Library/PrivateFrameworks/GPUSupport.framework/Versions/A/Libraries/libGPUSupportMercury.dylib
0x000000010bb53000 	/System/Library/Frameworks/OpenGL.framework/Resources//GLRendererFloat.bundle/GLRendererFloat
0x00007fffcd03e000 	/System/Library/Frameworks/OpenCL.framework/Versions/A/Libraries/libcldcpuengine.dylib
0x00007fffdd115000 	/usr/lib/libcrypto.0.9.8.dylib
0x00007fffdb8e4000 	/System/Library/PrivateFrameworks/TrustEvaluationAgent.framework/Versions/A/TrustEvaluationAgent
0x000000010bb98000 	/Library/Java/JavaVirtualMachines/jdk1.8.0_181.jdk/Contents/Home/jre/lib/libjavafx_font.dylib
0x00007fffd45fd000 	/System/Library/PrivateFrameworks/CoreServicesInternal.framework/Versions/A/CoreServicesInternal
0x000000010bdf8000 	/Library/Java/JavaVirtualMachines/jdk1.8.0_181.jdk/Contents/Home/jre/lib/libsunec.dylib

VM Arguments:
jvm_args: -Dclassworlds.conf=/Users/kaung/.sdkman/candidates/maven/current/bin/m2.conf -Dmaven.home=/Users/kaung/.sdkman/candidates/maven/current -Dlibrary.jansi.path=/Users/kaung/.sdkman/candidates/maven/current/lib/jansi-native -Dmaven.multiModuleProjectDirectory=/Users/kaung/personal/netty-in-action/chapter2/Client 
java_command: org.codehaus.plexus.classworlds.launcher.Launcher clean package exec:java -Decho-server.port=8880 -Djava.util.logging.config.file=/Users/kaung/personal/netty-in-action/chapter2/Client/logging.properties -Dconnection.count=1
java_class_path (initial): /Users/kaung/.sdkman/candidates/maven/current/boot/plexus-classworlds-2.5.2.jar
Launcher Type: SUN_STANDARD

Environment Variables:
PATH=/Users/kaung/.sdkman/candidates/maven/current/bin:/usr/local/Cellar/pyenv-virtualenv/1.1.3/shims:/Users/kaung/.pyenv/shims:/Users/kaung/.pyenv/bin:/Users/kaung/bin:/Users/kaung/.toolbox/bin:/usr/local/bin:/apollo/env/SDETools/bin:/usr/local/bin:/apollo/env/SDETools/bin:/usr/local/bin:/usr/bin:/bin:/usr/sbin:/sbin:/opt/X11/bin:/Users/bin:/Users/kaung/LambdaDevOSX/bin:/apollo/env/SDETools/bin
SHELL=/bin/zsh
DISPLAY=/private/tmp/com.apple.launchd.zEqZkR13KE/org.macosforge.xquartz:0

Signal Handlers:
SIGSEGV: [libjvm.dylib+0x5b6029], sa_mask[0]=11111111011111110111111111111111, sa_flags=SA_ONSTACK|SA_RESTART|SA_SIGINFO
SIGBUS: [libjvm.dylib+0x5b6029], sa_mask[0]=11111111011111110111111111111111, sa_flags=SA_RESTART|SA_SIGINFO
SIGFPE: [libjvm.dylib+0x48b934], sa_mask[0]=11111111011111110111111111111111, sa_flags=SA_RESTART|SA_SIGINFO
SIGPIPE: [libjvm.dylib+0x48b934], sa_mask[0]=11111111011111110111111111111111, sa_flags=SA_RESTART|SA_SIGINFO
SIGXFSZ: [libjvm.dylib+0x48b934], sa_mask[0]=11111111011111110111111111111111, sa_flags=SA_RESTART|SA_SIGINFO
SIGILL: [libjvm.dylib+0x48b934], sa_mask[0]=11111111011111110111111111111111, sa_flags=SA_RESTART|SA_SIGINFO
SIGUSR1: SIG_DFL, sa_mask[0]=00000000000000000000000000000000, sa_flags=SA_RESTART
SIGUSR2: [libjvm.dylib+0x48b452], sa_mask[0]=00000000000000000000000000000000, sa_flags=SA_RESTART|SA_SIGINFO
SIGHUP: [libjvm.dylib+0x489a1d], sa_mask[0]=11111111011111110111111111111111, sa_flags=SA_RESTART|SA_SIGINFO
SIGINT: [libjvm.dylib+0x489a1d], sa_mask[0]=11111111011111110111111111111111, sa_flags=SA_RESTART|SA_SIGINFO
SIGTERM: [libjvm.dylib+0x489a1d], sa_mask[0]=11111111011111110111111111111111, sa_flags=SA_RESTART|SA_SIGINFO
SIGQUIT: [libjvm.dylib+0x489a1d], sa_mask[0]=11111111011111110111111111111111, sa_flags=SA_RESTART|SA_SIGINFO


---------------  S Y S T E M  ---------------

OS:Bsduname:Darwin 16.7.0 Darwin Kernel Version 16.7.0: Thu Jun 21 20:07:39 PDT 2018; root:xnu-3789.73.14~1/RELEASE_X86_64 x86_64
rlimit: STACK 8192k, CORE 0k, NPROC 709, NOFILE 10240, AS infinity
load average:4.35 3.85 3.62

CPU:total 4 (initial active 4) (2 cores per cpu, 2 threads per core) family 6 model 142 stepping 9, cmov, cx8, fxsr, mmx, sse, sse2, sse3, ssse3, sse4.1, sse4.2, popcnt, avx, avx2, aes, clmul, erms, rtm, 3dnowpref, lzcnt, ht, tsc, tscinvbit, bmi1, bmi2, adx

Memory: 4k page, physical 16777216k(31072k free)

/proc/meminfo:


vm_info: Java HotSpot(TM) 64-Bit Server VM (25.181-b13) for bsd-amd64 JRE (1.8.0_181-b13), built on Jul  7 2018 01:02:31 by "java_re" with gcc 4.2.1 (Based on Apple Inc. build 5658) (LLVM build 2336.11.00)

time: Sun Oct 21 20:33:00 2018
elapsed time: 4 seconds (0d 0h 0m 4s)

